==============================================================================
EKF vs Complementary Filter Test - Robust Sensor Initialization
Session started: Thu Nov 13 20:14:36 UTC 2025
Test arguments: 2
Log file: crash_logs/test_ekf_2025-11-13_13-14-36.log
==============================================================================
[1;33mAcquiring wakelock...[0m
[0;32m‚úì Wakelock acquired[0m

[1;33mSensor initialization attempt 1/3[0m
[1;33mCleaning up sensor processes...[0m
[0;32m‚úì Sensor cleanup complete[0m
[1;33mValidating accelerometer access...[0m
[0;32m‚úì Accelerometer responding correctly[0m

[1;33mGPS initialization attempt 1/3[0m
[1;33mCleaning up GPS processes...[0m
[0;32m‚úì GPS cleanup complete[0m
[1;33mValidating GPS API service...[0m
[0;32m‚úì GPS API responding correctly[0m

[0;32m‚úì Sensor ready, starting test in 2 seconds...[0m
[0;32mStarting Python test...[0m

[AccelDaemon] Parsed JSON #1
[AccelDaemon] Parsed JSON #2
[AccelDaemon] Parsed JSON #3
[GPS _read_loop] Thread started
[GPSDaemon] stderr: [GPS Wrapper] Starting (poll_interval=5s, max_starvation=300.0s)
[AccelDaemon] Parsed JSON #100
[AccelDaemon] Parsed JSON #200
[GPS _read_loop] Fix #1 queued (lat=32.0847, queue_size=1, queue_id=506530544144)
[GPSDaemon] stderr: [GPS] ‚úì Fix #1 acquired
[GyroDaemon] Starting shared queue reader
[GyroDaemon] Accel daemon alive: True
[GyroDaemon] Transferred sample #1: x=-0.0003
[GyroDaemon] Transferred sample #2: x=-0.0003
[GyroDaemon] Transferred sample #3: x=-0.0003
[GyroDaemon] Transferred sample #4: x=0.0000
[GyroDaemon] Transferred sample #5: x=0.0000
[GyroDaemon] Transferred sample #100: x=0.0000
[GyroDaemon] Transferred sample #200: x=-1.7115
[ACCEL_LOOP] Started
[ACCEL_LOOP] Processed sample #1
[ACCEL_LOOP] Processed sample #2
[ACCEL_LOOP] Processed sample #3
[ACCEL_LOOP] Processed sample #4
[ACCEL_LOOP] Processed sample #5
[ACCEL_LOOP] Processed sample #100
[GPS_LOOP] Started
[GYRO_LOOP] Started
[GYRO_LOOP] Processed sample #1
[GYRO_LOOP] Processed sample #2
[GYRO_LOOP] Processed sample #3
[GYRO_LOOP] Processed sample #4
[GYRO_LOOP] Processed sample #5
[ACCEL_LOOP] Processed sample #200
[EKF_THREAD] Started
[COMP_THREAD] Started

[DEBUG] Test start time: 1763064896.8027248, End time target: 1763065022.99928, Duration: 2 min (120 sec)[GYRO_LOOP] Processed sample #100

[ES_EKF_THREAD] Started
[00:06] STATUS: Memory=94.4MB (peak=94.4MB) | GPS=1000 (ALIVE) | Accel=150000 (ALIVE) | Gyro=150000
[DEBUG] Status file update failed: 'numpy.void' object has no attribute 'get'
‚ö†Ô∏è  ES-EKF accel update failed at sample #1: no field of name es_ekf_velocity
ERROR in EKF filter thread: no field of name ekf_velocity
Traceback (most recent call last):
  File "/data/data/com.termux/files/home/gojo/motion_tracker_v2/test_ekf_vs_complementary.py", line 1100, in _ekf_filter_thread
    sample['ekf_velocity'] = v
    ~~~~~~^^^^^^^^^^^^^^^^
ValueError: no field of name ekf_velocity
‚ö†Ô∏è  ES-EKF accel update failed at sample #2: no field of name es_ekf_velocity
[GYRO_LOOP] Processed sample #200
‚ö†Ô∏è  ES-EKF accel update failed at sample #3: no field of name es_ekf_velocity
ERROR in EKF filter thread: no field of name ekf_velocity
Traceback (most recent call last):
  File "/data/data/com.termux/files/home/gojo/motion_tracker_v2/test_ekf_vs_complementary.py", line 1100, in _ekf_filter_thread
    sample['ekf_velocity'] = v
    ~~~~~~^^^^^^^^^^^^^^^^
ValueError: no field of name ekf_velocity
[AccelDaemon] Parsed JSON #300
‚ö†Ô∏è  ES-EKF accel update failed at sample #4: no field of name es_ekf_velocity
[GyroDaemon] Transferred sample #300: x=1.5039
[GPS_LOOP] get_data() returned None (check #1), queue_size=0, queue_id=506530544144
‚ö†Ô∏è  ES-EKF accel update failed at sample #5: no field of name es_ekf_velocity
ERROR in EKF filter thread: no field of name ekf_velocity
[GYRO_LOOP] Processed sample #300
Traceback (most recent call last):
  File "/data/data/com.termux/files/home/gojo/motion_tracker_v2/test_ekf_vs_complementary.py", line 1100, in _ekf_filter_thread
    sample['ekf_velocity'] = v
    ~~~~~~^^^^^^^^^^^^^^^^
ValueError: no field of name ekf_velocity
‚ö†Ô∏è  ES-EKF accel update failed at sample #6: no field of name es_ekf_velocity
[ACCEL_LOOP] Processed sample #300
ERROR in EKF filter thread: no field of name ekf_velocity
Traceback (most recent call last):
  File "/data/data/com.termux/files/home/gojo/motion_tracker_v2/test_ekf_vs_complementary.py", line 1100, in _ekf_filter_thread
    sample['ekf_velocity'] = v
    ~~~~~~^^^^^^^^^^^^^^^^
ValueError: no field of name ekf_velocity
‚ö†Ô∏è  ES-EKF accel update failed at sample #7: no field of name es_ekf_velocity
ERROR in EKF filter thread: no field of name ekf_velocity
Traceback (most recent call last):
  File "/data/data/com.termux/files/home/gojo/motion_tracker_v2/test_ekf_vs_complementary.py", line 1100, in _ekf_filter_thread
    sample['ekf_velocity'] = v
    ~~~~~~^^^^^^^^^^^^^^^^
ValueError: no field of name ekf_velocity
‚ö†Ô∏è  ES-EKF accel update failed at sample #8: no field of name es_ekf_velocity
[GPS_LOOP] get_data() returned None (check #1), queue_size=0, queue_id=506530544144
[DEBUG] Status file update failed: 'numpy.void' object has no attribute 'get'
ERROR in EKF filter thread: no field of name ekf_velocity
Traceback (most recent call last):
  File "/data/data/com.termux/files/home/gojo/motion_tracker_v2/test_ekf_vs_complementary.py", line 1100, in _ekf_filter_thread
    sample['ekf_velocity'] = v
    ~~~~~~^^^^^^^^^^^^^^^^
ValueError: no field of name ekf_velocity
‚ö†Ô∏è  ES-EKF accel update failed at sample #9: no field of name es_ekf_velocity
ERROR in EKF filter thread: no field of name ekf_velocity
Traceback (most recent call last):
  File "/data/data/com.termux/files/home/gojo/motion_tracker_v2/test_ekf_vs_complementary.py", line 1100, in _ekf_filter_thread
    sample['ekf_velocity'] = v
    ~~~~~~^^^^^^^^^^^^^^^^
ValueError: no field of name ekf_velocity
‚ö†Ô∏è  ES-EKF accel update failed at sample #10: no field of name es_ekf_velocity
ERROR in EKF filter thread: no field of name ekf_velocity
Traceback (most recent call last):
  File "/data/data/com.termux/files/home/gojo/motion_tracker_v2/test_ekf_vs_complementary.py", line 1100, in _ekf_filter_thread
    sample['ekf_velocity'] = v
    ~~~~~~^^^^^^^^^^^^^^^^
ValueError: no field of name ekf_velocity
[AccelDaemon] Parsed JSON #400
[GPSDaemon] stderr: [GPS] ‚úì Fix #2 acquired
[GPS _read_loop] Fix #2 queued (lat=32.0847, queue_size=1, queue_id=506530544144)
[GPS_LOOP] ‚úì get_data() SUCCESS (sample #1), lat=32.0847
[GyroDaemon] Transferred sample #400: x=-2.8424
[GPS_LOOP] Queued sample #1 (lat=32.0847)
‚ö†Ô∏è  ES-EKF accel update failed at sample #11: no field of name es_ekf_velocity
ERROR in EKF filter thread: no field of name ekf_velocity
Traceback (most recent call last):
  File "/data/data/com.termux/files/home/gojo/motion_tracker_v2/test_ekf_vs_complementary.py", line 1100, in _ekf_filter_thread
    sample['ekf_velocity'] = v
    ~~~~~~^^^^^^^^^^^^^^^^
ValueError: no field of name ekf_velocity
‚ö†Ô∏è  ES-EKF accel update failed at sample #12: no field of name es_ekf_velocity
ERROR in EKF filter thread: no field of name ekf_velocity
Traceback (most recent call last):
  File "/data/data/com.termux/files/home/gojo/motion_tracker_v2/test_ekf_vs_complementary.py", line 1079, in _ekf_filter_thread
    sample['ekf_velocity'] = v
    ~~~~~~^^^^^^^^^^^^^^^^
ValueError: no field of name ekf_velocity
[GYRO_LOOP] Processed sample #400
[ACCEL_LOOP] Processed sample #400
‚ö†Ô∏è  ES-EKF accel update failed at sample #13: no field of name es_ekf_velocity
ERROR in EKF filter thread: no field of name ekf_velocity
Traceback (most recent call last):
  File "/data/data/com.termux/files/home/gojo/motion_tracker_v2/test_ekf_vs_complementary.py", line 1100, in _ekf_filter_thread
    sample['ekf_velocity'] = v
    ~~~~~~^^^^^^^^^^^^^^^^
ValueError: no field of name ekf_velocity
‚ö†Ô∏è  ES-EKF accel update failed at sample #14: no field of name es_ekf_velocity
‚ö†Ô∏è  ES-EKF accel update failed at sample #15: no field of name es_ekf_velocity
[DEBUG] Status file update failed: 'numpy.void' object has no attribute 'get'
[GPS_LOOP] get_data() returned None (check #2), queue_size=0, queue_id=506530544144
ERROR in EKF filter thread: no field of name ekf_velocity
Traceback (most recent call last):
  File "/data/data/com.termux/files/home/gojo/motion_tracker_v2/test_ekf_vs_complementary.py", line 1100, in _ekf_filter_thread
    sample['ekf_velocity'] = v
    ~~~~~~^^^^^^^^^^^^^^^^
ValueError: no field of name ekf_velocity
‚ö†Ô∏è  ES-EKF accel update failed at sample #16: no field of name es_ekf_velocity
ERROR in EKF filter thread: no field of name ekf_velocity
Traceback (most recent call last):
  File "/data/data/com.termux/files/home/gojo/motion_tracker_v2/test_ekf_vs_complementary.py", line 1100, in _ekf_filter_thread
    sample['ekf_velocity'] = v
    ~~~~~~^^^^^^^^^^^^^^^^
ValueError: no field of name ekf_velocity
‚ö†Ô∏è  ES-EKF accel update failed at sample #17: no field of name es_ekf_velocity
ERROR in EKF filter thread: no field of name ekf_velocity
Traceback (most recent call last):
  File "/data/data/com.termux/files/home/gojo/motion_tracker_v2/test_ekf_vs_complementary.py", line 1100, in _ekf_filter_thread
    sample['ekf_velocity'] = v
    ~~~~~~^^^^^^^^^^^^^^^^
ValueError: no field of name ekf_velocity
‚ö†Ô∏è  ES-EKF accel update failed at sample #18: no field of name es_ekf_velocity
[AccelDaemon] Parsed JSON #500
‚ö†Ô∏è  ES-EKF accel update failed at sample #19: no field of name es_ekf_velocity
[GyroDaemon] Transferred sample #500: x=-1.3363
ERROR in EKF filter thread: no field of name ekf_velocity
Traceback (most recent call last):
  File "/data/data/com.termux/files/home/gojo/motion_tracker_v2/test_ekf_vs_complementary.py", line 1100, in _ekf_filter_thread
    sample['ekf_velocity'] = v
    ~~~~~~^^^^^^^^^^^^^^^^
ValueError: no field of name ekf_velocity
[GPS_LOOP] get_data() returned None (check #2), queue_size=0, queue_id=506530544144
‚ö†Ô∏è  ES-EKF accel update failed at sample #20: no field of name es_ekf_velocity
[GYRO_LOOP] Processed sample #500
ERROR in EKF filter thread: no field of name ekf_velocity
[ACCEL_LOOP] Processed sample #500
Traceback (most recent call last):
  File "/data/data/com.termux/files/home/gojo/motion_tracker_v2/test_ekf_vs_complementary.py", line 1100, in _ekf_filter_thread
    sample['ekf_velocity'] = v
    ~~~~~~^^^^^^^^^^^^^^^^
ValueError: no field of name ekf_velocity
‚ö†Ô∏è  ES-EKF accel update failed at sample #21: no field of name es_ekf_velocity
ERROR in EKF filter thread: no field of name ekf_velocity
Traceback (most recent call last):
  File "/data/data/com.termux/files/home/gojo/motion_tracker_v2/test_ekf_vs_complementary.py", line 1100, in _ekf_filter_thread
    sample['ekf_velocity'] = v
    ~~~~~~^^^^^^^^^^^^^^^^
ValueError: no field of name ekf_velocity
‚ö†Ô∏è  ES-EKF accel update failed at sample #22: no field of name es_ekf_velocity
ERROR in EKF filter thread: no field of name ekf_velocity
Traceback (most recent call last):
  File "/data/data/com.termux/files/home/gojo/motion_tracker_v2/test_ekf_vs_complementary.py", line 1100, in _ekf_filter_thread
    sample['ekf_velocity'] = v
    ~~~~~~^^^^^^^^^^^^^^^^
ValueError: no field of name ekf_velocity
‚ö†Ô∏è  ES-EKF accel update failed at sample #23: no field of name es_ekf_velocity
[DEBUG] Status file update failed: 'numpy.void' object has no attribute 'get'
[GPS_LOOP] get_data() returned None (check #2), queue_size=0, queue_id=506530544144
ERROR in EKF filter thread: no field of name ekf_velocity
Traceback (most recent call last):
  File "/data/data/com.termux/files/home/gojo/motion_tracker_v2/test_ekf_vs_complementary.py", line 1100, in _ekf_filter_thread
    sample['ekf_velocity'] = v
    ~~~~~~^^^^^^^^^^^^^^^^
ValueError: no field of name ekf_velocity
‚ö†Ô∏è  ES-EKF accel update failed at sample #24: no field of name es_ekf_velocity
‚ö†Ô∏è  ES-EKF accel update failed at sample #25: no field of name es_ekf_velocity
ERROR in EKF filter thread: no field of name ekf_velocity
Traceback (most recent call last):
  File "/data/data/com.termux/files/home/gojo/motion_tracker_v2/test_ekf_vs_complementary.py", line 1100, in _ekf_filter_thread
    sample['ekf_velocity'] = v
    ~~~~~~^^^^^^^^^^^^^^^^
ValueError: no field of name ekf_velocity
‚ö†Ô∏è  ES-EKF accel update failed at sample #26: no field of name es_ekf_velocity
ERROR in EKF filter thread: no field of name ekf_velocity
Traceback (most recent call last):
  File "/data/data/com.termux/files/home/gojo/motion_tracker_v2/test_ekf_vs_complementary.py", line 1100, in _ekf_filter_thread
    sample['ekf_velocity'] = v
    ~~~~~~^^^^^^^^^^^^^^^^
ValueError: no field of name ekf_velocity
[AccelDaemon] Parsed JSON #600
[GyroDaemon] Transferred sample #600: x=0.5542
‚ö†Ô∏è  ES-EKF accel update failed at sample #27: no field of name es_ekf_velocity
[GYRO_LOOP] Processed sample #600
ERROR in EKF filter thread: no field of name ekf_velocity
Traceback (most recent call last):
  File "/data/data/com.termux/files/home/gojo/motion_tracker_v2/test_ekf_vs_complementary.py", line 1100, in _ekf_filter_thread
    sample['ekf_velocity'] = v
    ~~~~~~^^^^^^^^^^^^^^^^
ValueError: no field of name ekf_velocity
[GPS_LOOP] get_data() returned None (check #2), queue_size=0, queue_id=506530544144
‚ö†Ô∏è  ES-EKF accel update failed at sample #28: no field of name es_ekf_velocity
ERROR in EKF filter thread: no field of name ekf_velocity
Traceback (most recent call last):
  File "/data/data/com.termux/files/home/gojo/motion_tracker_v2/test_ekf_vs_complementary.py", line 1100, in _ekf_filter_thread
    sample['ekf_velocity'] = v
    ~~~~~~^^^^^^^^^^^^^^^^
ValueError: no field of name ekf_velocity
‚ö†Ô∏è  ES-EKF accel update failed at sample #29: no field of name es_ekf_velocity
ERROR in EKF filter thread: no field of name ekf_velocity
Traceback (most recent call last):
  File "/data/data/com.termux/files/home/gojo/motion_tracker_v2/test_ekf_vs_complementary.py", line 1100, in _ekf_filter_thread
    sample['ekf_velocity'] = v
    ~~~~~~^^^^^^^^^^^^^^^^
ValueError: no field of name ekf_velocity
‚ö†Ô∏è  ES-EKF accel update failed at sample #30: no field of name es_ekf_velocity
[ACCEL_LOOP] Processed sample #600
[GPS _read_loop] Fix #3 queued (lat=32.0847, queue_size=1, queue_id=506530544144)
[GPS_LOOP] ‚úì get_data() SUCCESS (sample #2), lat=32.0847
[GPS_LOOP] Queued sample #2 (lat=32.0847)
[GPSDaemon] stderr: [GPS] ‚úì Fix #3 acquired
ERROR in EKF filter thread: no field of name ekf_velocity
Traceback (most recent call last):
  File "/data/data/com.termux/files/home/gojo/motion_tracker_v2/test_ekf_vs_complementary.py", line 1100, in _ekf_filter_thread
    sample['ekf_velocity'] = v
    ~~~~~~^^^^^^^^^^^^^^^^
ValueError: no field of name ekf_velocity
‚ö†Ô∏è  ES-EKF accel update failed at sample #31: no field of name es_ekf_velocity
[DEBUG] Status file update failed: 'numpy.void' object has no attribute 'get'
ERROR in EKF filter thread: no field of name ekf_velocity
Traceback (most recent call last):
  File "/data/data/com.termux/files/home/gojo/motion_tracker_v2/test_ekf_vs_complementary.py", line 1100, in _ekf_filter_thread
    sample['ekf_velocity'] = v
    ~~~~~~^^^^^^^^^^^^^^^^
ValueError: no field of name ekf_velocity
‚ö†Ô∏è  ES-EKF accel update failed at sample #32: no field of name es_ekf_velocity
ERROR in EKF filter thread: no field of name ekf_velocity
Traceback (most recent call last):
  File "/data/data/com.termux/files/home/gojo/motion_tracker_v2/test_ekf_vs_complementary.py", line 1100, in _ekf_filter_thread
    sample['ekf_velocity'] = v
    ~~~~~~^^^^^^^^^^^^^^^^
ValueError: no field of name ekf_velocity
‚ö†Ô∏è  ES-EKF accel update failed at sample #33: no field of name es_ekf_velocity
ERROR in EKF filter thread: no field of name ekf_velocity
Traceback (most recent call last):
  File "/data/data/com.termux/files/home/gojo/motion_tracker_v2/test_ekf_vs_complementary.py", line 1100, in _ekf_filter_thread
    sample['ekf_velocity'] = v
    ~~~~~~^^^^^^^^^^^^^^^^
ValueError: no field of name ekf_velocity
‚ö†Ô∏è  ES-EKF accel update failed at sample #34: no field of name es_ekf_velocity
[AccelDaemon] Parsed JSON #700
[GyroDaemon] Transferred sample #700: x=-0.6356
‚ö†Ô∏è  ES-EKF accel update failed at sample #35: no field of name es_ekf_velocity
[GPS_LOOP] get_data() returned None (check #3), queue_size=0, queue_id=506530544144
ERROR in EKF filter thread: no field of name ekf_velocity
Traceback (most recent call last):
  File "/data/data/com.termux/files/home/gojo/motion_tracker_v2/test_ekf_vs_complementary.py", line 1100, in _ekf_filter_thread
    sample['ekf_velocity'] = v
    ~~~~~~^^^^^^^^^^^^^^^^
ValueError: no field of name ekf_velocity
‚ö†Ô∏è  ES-EKF accel update failed at sample #36: no field of name es_ekf_velocity
[GYRO_LOOP] Processed sample #700
ERROR in EKF filter thread: no field of name ekf_velocity
Traceback (most recent call last):
  File "/data/data/com.termux/files/home/gojo/motion_tracker_v2/test_ekf_vs_complementary.py", line 1100, in _ekf_filter_thread
    sample['ekf_velocity'] = v
    ~~~~~~^^^^^^^^^^^^^^^^
ValueError: no field of name ekf_velocity
‚ö†Ô∏è  ES-EKF accel update failed at sample #37: no field of name es_ekf_velocity
ERROR in EKF filter thread: no field of name ekf_velocity
[ACCEL_LOOP] Processed sample #700
Traceback (most recent call last):
  File "/data/data/com.termux/files/home/gojo/motion_tracker_v2/test_ekf_vs_complementary.py", line 1100, in _ekf_filter_thread
    sample['ekf_velocity'] = v
    ~~~~~~^^^^^^^^^^^^^^^^
ValueError: no field of name ekf_velocity
‚ö†Ô∏è  ES-EKF accel update failed at sample #38: no field of name es_ekf_velocity
ERROR in EKF filter thread: no field of name ekf_velocity
Traceback (most recent call last):
  File "/data/data/com.termux/files/home/gojo/motion_tracker_v2/test_ekf_vs_complementary.py", line 1100, in _ekf_filter_thread
    sample['ekf_velocity'] = v
    ~~~~~~^^^^^^^^^^^^^^^^
ValueError: no field of name ekf_velocity
‚ö†Ô∏è  ES-EKF accel update failed at sample #39: no field of name es_ekf_velocity
[GPS_LOOP] get_data() returned None (check #3), queue_size=0, queue_id=506530544144
ERROR in EKF filter thread: no field of name ekf_velocity
Traceback (most recent call last):
  File "/data/data/com.termux/files/home/gojo/motion_tracker_v2/test_ekf_vs_complementary.py", line 1100, in _ekf_filter_thread
    sample['ekf_velocity'] = v
    ~~~~~~^^^^^^^^^^^^^^^^
ValueError: no field of name ekf_velocity
‚ö†Ô∏è  ES-EKF accel update failed at sample #40: no field of name es_ekf_velocity
ERROR in EKF filter thread: no field of name ekf_velocity
Traceback (most recent call last):
  File "/data/data/com.termux/files/home/gojo/motion_tracker_v2/test_ekf_vs_complementary.py", line 1100, in _ekf_filter_thread
    sample['ekf_velocity'] = v
    ~~~~~~^^^^^^^^^^^^^^^^
ValueError: no field of name ekf_velocity
‚ö†Ô∏è  ES-EKF accel update failed at sample #41: no field of name es_ekf_velocity
ERROR in EKF filter thread: no field of name ekf_velocity
Traceback (most recent call last):
[AccelDaemon] Parsed JSON #800
  File "/data/data/com.termux/files/home/gojo/motion_tracker_v2/test_ekf_vs_complementary.py", line 1100, in _ekf_filter_thread
    sample['ekf_velocity'] = v
    ~~~~~~^^^^^^^^^^^^^^^^
ValueError: no field of name ekf_velocity
[GyroDaemon] Transferred sample #800: x=-0.2291
‚ö†Ô∏è  ES-EKF accel update failed at sample #42: no field of name es_ekf_velocity
[GYRO_LOOP] Processed sample #800
[GPS_LOOP] get_data() returned None (check #3), queue_size=0, queue_id=506530544144
‚ö†Ô∏è  ES-EKF accel update failed at sample #43: no field of name es_ekf_velocity
ERROR in EKF filter thread: The truth value of an array with more than one element is ambiguous. Use a.any() or a.all()
Traceback (most recent call last):
  File "/data/data/com.termux/files/home/gojo/motion_tracker_v2/test_ekf_vs_complementary.py", line 1115, in _ekf_filter_thread
    if self.accel_samples:
       ^^^^^^^^^^^^^^^^^^
ValueError: The truth value of an array with more than one element is ambiguous. Use a.any() or a.all()
[ACCEL_LOOP] Processed sample #800
‚ö†Ô∏è  ES-EKF accel update failed at sample #44: no field of name es_ekf_velocity
‚ö†Ô∏è  ES-EKF accel update failed at sample #45: no field of name es_ekf_velocity
ERROR in EKF filter thread: The truth value of an array with more than one element is ambiguous. Use a.any() or a.all()
Traceback (most recent call last):
  File "/data/data/com.termux/files/home/gojo/motion_tracker_v2/test_ekf_vs_complementary.py", line 1115, in _ekf_filter_thread
    if self.accel_samples:
       ^^^^^^^^^^^^^^^^^^
ValueError: The truth value of an array with more than one element is ambiguous. Use a.any() or a.all()
‚ö†Ô∏è  ES-EKF accel update failed at sample #46: no field of name es_ekf_velocity
[GPS_LOOP] get_data() returned None (check #3), queue_size=0, queue_id=506530544144
‚ö†Ô∏è  ES-EKF accel update failed at sample #47: no field of name es_ekf_velocity
ERROR in EKF filter thread: The truth value of an array with more than one element is ambiguous. Use a.any() or a.all()
Traceback (most recent call last):
  File "/data/data/com.termux/files/home/gojo/motion_tracker_v2/test_ekf_vs_complementary.py", line 1115, in _ekf_filter_thread
    if self.accel_samples:
       ^^^^^^^^^^^^^^^^^^
ValueError: The truth value of an array with more than one element is ambiguous. Use a.any() or a.all()
‚ö†Ô∏è  ES-EKF accel update failed at sample #48: no field of name es_ekf_velocity
[GPS _read_loop] Fix #4 queued (lat=32.0848, queue_size=1, queue_id=506530544144)
[GPS_LOOP] ‚úì get_data() SUCCESS (sample #3), lat=32.0848
[GPS_LOOP] Queued sample #3 (lat=32.0848)
ERROR in EKF filter thread: The truth value of an array with more than one element is ambiguous. Use a.any() or a.all()
[GPSDaemon] stderr: [GPS] ‚úì Fix #4 acquired
Traceback (most recent call last):
  File "/data/data/com.termux/files/home/gojo/motion_tracker_v2/test_ekf_vs_complementary.py", line 1115, in _ekf_filter_thread
    if self.accel_samples:
       ^^^^^^^^^^^^^^^^^^
ValueError: The truth value of an array with more than one element is ambiguous. Use a.any() or a.all()
‚ö†Ô∏è  ES-EKF accel update failed at sample #49: no field of name es_ekf_velocity
[AccelDaemon] Parsed JSON #900
[GyroDaemon] Transferred sample #900: x=0.2239
‚ö†Ô∏è  ES-EKF accel update failed at sample #50: no field of name es_ekf_velocity
ERROR in EKF filter thread: no field of name ekf_velocity
Traceback (most recent call last):
  File "/data/data/com.termux/files/home/gojo/motion_tracker_v2/test_ekf_vs_complementary.py", line 1079, in _ekf_filter_thread
    sample['ekf_velocity'] = v
    ~~~~~~^^^^^^^^^^^^^^^^
ValueError: no field of name ekf_velocity
[GYRO_LOOP] Processed sample #900
‚ö†Ô∏è  ES-EKF accel update failed at sample #51: no field of name es_ekf_velocity
‚ö†Ô∏è  ES-EKF accel update failed at sample #52: no field of name es_ekf_velocity
ERROR in EKF filter thread: 'numpy.void' object has no attribute 'get'
Traceback (most recent call last):
  File "/data/data/com.termux/files/home/gojo/motion_tracker_v2/test_ekf_vs_complementary.py", line 1111, in _ekf_filter_thread
    gps_heading = latest_gps.get('bearing', latest_gps.get('heading'))
                  ^^^^^^^^^^^^^^
AttributeError: 'numpy.void' object has no attribute 'get'
[ACCEL_LOOP] Processed sample #900
[GPS_LOOP] get_data() returned None (check #4), queue_size=0, queue_id=506530544144
ERROR in EKF filter thread: 'numpy.void' object has no attribute 'get'
Traceback (most recent call last):
  File "/data/data/com.termux/files/home/gojo/motion_tracker_v2/test_ekf_vs_complementary.py", line 1111, in _ekf_filter_thread
    gps_heading = latest_gps.get('bearing', latest_gps.get('heading'))
                  ^^^^^^^^^^^^^^
AttributeError: 'numpy.void' object has no attribute 'get'
[DEBUG] Status file update failed: 'numpy.void' object has no attribute 'get'
ERROR in EKF filter thread: 'numpy.void' object has no attribute 'get'
Traceback (most recent call last):
  File "/data/data/com.termux/files/home/gojo/motion_tracker_v2/test_ekf_vs_complementary.py", line 1111, in _ekf_filter_thread
    gps_heading = latest_gps.get('bearing', latest_gps.get('heading'))
                  ^^^^^^^^^^^^^^
AttributeError: 'numpy.void' object has no attribute 'get'
ERROR in EKF filter thread: 'numpy.void' object has no attribute 'get'
Traceback (most recent call last):
  File "/data/data/com.termux/files/home/gojo/motion_tracker_v2/test_ekf_vs_complementary.py", line 1111, in _ekf_filter_thread
    gps_heading = latest_gps.get('bearing', latest_gps.get('heading'))
                  ^^^^^^^^^^^^^^
AttributeError: 'numpy.void' object has no attribute 'get'
[GPS_LOOP] get_data() returned None (check #4), queue_size=0, queue_id=506530544144
[AccelDaemon] Parsed JSON #1000
[GyroDaemon] Transferred sample #1000: x=-0.6643
ERROR in EKF filter thread: 'numpy.void' object has no attribute 'get'
Traceback (most recent call last):
  File "/data/data/com.termux/files/home/gojo/motion_tracker_v2/test_ekf_vs_complementary.py", line 1111, in _ekf_filter_thread
    gps_heading = latest_gps.get('bearing', latest_gps.get('heading'))
                  ^^^^^^^^^^^^^^
AttributeError: 'numpy.void' object has no attribute 'get'
[GYRO_LOOP] Processed sample #1000
ERROR in EKF filter thread: 'numpy.void' object has no attribute 'get'
Traceback (most recent call last):
  File "/data/data/com.termux/files/home/gojo/motion_tracker_v2/test_ekf_vs_complementary.py", line 1111, in _ekf_filter_thread
    gps_heading = latest_gps.get('bearing', latest_gps.get('heading'))
                  ^^^^^^^^^^^^^^
AttributeError: 'numpy.void' object has no attribute 'get'
[ACCEL_LOOP] Processed sample #1000
ERROR in EKF filter thread: 'numpy.void' object has no attribute 'get'
Traceback (most recent call last):
  File "/data/data/com.termux/files/home/gojo/motion_tracker_v2/test_ekf_vs_complementary.py", line 1111, in _ekf_filter_thread
    gps_heading = latest_gps.get('bearing', latest_gps.get('heading'))
                  ^^^^^^^^^^^^^^
AttributeError: 'numpy.void' object has no attribute 'get'
[GPS_LOOP] get_data() returned None (check #4), queue_size=0, queue_id=506530544144
ERROR in EKF filter thread: 'numpy.void' object has no attribute 'get'
Traceback (most recent call last):
  File "/data/data/com.termux/files/home/gojo/motion_tracker_v2/test_ekf_vs_complementary.py", line 1111, in _ekf_filter_thread
    gps_heading = latest_gps.get('bearing', latest_gps.get('heading'))
                  ^^^^^^^^^^^^^^
AttributeError: 'numpy.void' object has no attribute 'get'
[DEBUG] Status file update failed: 'numpy.void' object has no attribute 'get'
[GPS_LOOP] get_data() returned None (check #4), queue_size=0, queue_id=506530544144
[AccelDaemon] Parsed JSON #1100
[GyroDaemon] Transferred sample #1100: x=-0.2923
ERROR in EKF filter thread: 'numpy.void' object has no attribute 'get'
Traceback (most recent call last):
  File "/data/data/com.termux/files/home/gojo/motion_tracker_v2/test_ekf_vs_complementary.py", line 1111, in _ekf_filter_thread
    gps_heading = latest_gps.get('bearing', latest_gps.get('heading'))
                  ^^^^^^^^^^^^^^
AttributeError: 'numpy.void' object has no attribute 'get'
[GPS _read_loop] Fix #5 queued (lat=32.0848, queue_size=1, queue_id=506530544144)
[GPS_LOOP] ‚úì get_data() SUCCESS (sample #4), lat=32.0848
[GPSDaemon] stderr: [GPS] ‚úì Fix #5 acquired
[GPS_LOOP] Queued sample #4 (lat=32.0848)
[DEBUG] Status file update failed: 'numpy.void' object has no attribute 'get'
[AccelDaemon] Parsed JSON #1200
[GyroDaemon] Transferred sample #1200: x=0.0385
[GPS_LOOP] get_data() returned None (check #5), queue_size=0, queue_id=506530544144
ERROR in EKF filter thread: 'numpy.void' object has no attribute 'get'
Traceback (most recent call last):
  File "/data/data/com.termux/files/home/gojo/motion_tracker_v2/test_ekf_vs_complementary.py", line 1111, in _ekf_filter_thread
    gps_heading = latest_gps.get('bearing', latest_gps.get('heading'))
                  ^^^^^^^^^^^^^^
AttributeError: 'numpy.void' object has no attribute 'get'
[DEBUG] Status file update failed: 'numpy.void' object has no attribute 'get'
[GPS_LOOP] get_data() returned None (check #5), queue_size=0, queue_id=506530544144
[GYRO_LOOP] Processed sample #1100
[ACCEL_LOOP] Processed sample #1100
[GYRO_LOOP] Processed sample #1200
ERROR in EKF filter thread: no field of name ekf_velocity
Traceback (most recent call last):
  File "/data/data/com.termux/files/home/gojo/motion_tracker_v2/test_ekf_vs_complementary.py", line 1079, in _ekf_filter_thread
    sample['ekf_velocity'] = v
    ~~~~~~^^^^^^^^^^^^^^^^
ValueError: no field of name ekf_velocity
[ACCEL_LOOP] Processed sample #1200
[AccelDaemon] Parsed JSON #1300
[GPS_LOOP] get_data() returned None (check #5), queue_size=0, queue_id=506530544144
[GyroDaemon] Transferred sample #1300: x=2.1315
[GYRO_LOOP] Processed sample #1300
[DEBUG] Status file update failed: 'numpy.void' object has no attribute 'get'
[GPS_LOOP] get_data() returned None (check #5), queue_size=0, queue_id=506530544144
[GPS_LOOP] get_data() returned None (check #5), queue_size=0, queue_id=506530544144
[AccelDaemon] Parsed JSON #1400
[GyroDaemon] Transferred sample #1400: x=0.6854
ERROR in EKF filter thread: The truth value of an array with more than one element is ambiguous. Use a.any() or a.all()
Traceback (most recent call last):
  File "/data/data/com.termux/files/home/gojo/motion_tracker_v2/test_ekf_vs_complementary.py", line 1115, in _ekf_filter_thread
    if self.accel_samples:
       ^^^^^^^^^^^^^^^^^^
ValueError: The truth value of an array with more than one element is ambiguous. Use a.any() or a.all()
[GPS_LOOP] get_data() returned None (check #5), queue_size=0, queue_id=506530544144
[GPS_LOOP] get_data() returned None (check #5), queue_size=0, queue_id=506530544144
[AccelDaemon] Parsed JSON #1500
[GyroDaemon] Transferred sample #1500: x=0.5531
ERROR in EKF filter thread: The truth value of an array with more than one element is ambiguous. Use a.any() or a.all()
Traceback (most recent call last):
  File "/data/data/com.termux/files/home/gojo/motion_tracker_v2/test_ekf_vs_complementary.py", line 1115, in _ekf_filter_thread
    if self.accel_samples:
       ^^^^^^^^^^^^^^^^^^
ValueError: The truth value of an array with more than one element is ambiguous. Use a.any() or a.all()
[GPS_LOOP] get_data() returned None (check #5), queue_size=0, queue_id=506530544144
[ACCEL_LOOP] Processed sample #1300
[GPS_LOOP] get_data() returned None (check #5), queue_size=0, queue_id=506530544144
[AccelDaemon] Parsed JSON #1600
[GyroDaemon] Transferred sample #1600: x=-0.2298

Configuration:
  Duration: 2 minutes
  Gyroscope: Enabled

Starting in 2 seconds...

====================================================================================================
REAL-TIME FILTER COMPARISON: EKF vs Complementary
====================================================================================================

‚úì Initializing sensor (brief pause for cleanup)...
‚úì Accelerometer daemon started (50Hz, paired IMU stream)
   Sensors: Accel + Gyro (paired from LSM6DSO chip)
   Process: termux-sensor (PID 23488)

‚úì Accelerometer daemon started

‚úì Validating sensor startup (waiting up to 10 seconds for accelerometer data)...
  [REQUIRED] Waiting for accelerometer samples...
  ‚úì Accelerometer responding with data on attempt 1

‚úì Calibrating accelerometer (collecting 20 stationary samples)...
  ‚úì Gravity calibrated: 9.87 m/s¬≤
    (collected 20 samples, range: 9.86-9.88)

‚úì EKF filter initialized
‚úì Complementary filter initialized

‚úì Starting GPS daemon (continuous polling)...
  ‚úì GPS daemon started (polling termux-location continuously)
  ‚è± Waiting for first GPS fix (up to 30 seconds)...
  Waiting for GPS... (1.0s)
  Waiting for GPS... (2.0s)
  Waiting for GPS... (3.0s)
  Waiting for GPS... (4.0s)
  ‚úì GPS lock acquired: 32.0847, -110.9452 (latency: 4.8s)
  ‚úì First GPS fix processed and added to test data

‚úì Initializing gyroscope (optional, will fallback if unavailable)...
‚úì Gyroscope daemon started (shared IMU stream)
   Sensor: lsm6dso LSM6DSO Gyroscope Non-wakeup (paired)
   Source: Shared with Accelerometer daemon (same hardware)
  ‚úì Gyroscope daemon started (using shared IMU stream)
  Note: Gyroscope data will be collected during test run

‚úì Running for 2 minutes...
----------------------------------------------------------------------------------------------------------------------------------
GPS: 1 fixes (ALIVE) | Accel: 150000 samples (ALIVE) | Gyro: 150000 samples
----------------------------------------------------------------------------------------------------------------------------------
GPS: 1 fixes (ALIVE) | Accel: 150000 samples (ALIVE) | Gyro: 150000 samples
----------------------------------------------------------------------------------------------------------------------------------
GPS: 1 fixes (ALIVE) | Accel: 150000 samples (ALIVE) | Gyro: 150000 samples
----------------------------------------------------------------------------------------------------------------------------------
GPS: 2 fixes (ALIVE) | Accel: 150000 samples (ALIVE) | Gyro: 150000 samples
----------------------------------------------------------------------------------------------------------------------------------
GPS: 2 fixes (ALIVE) | Accel: 150000 samples (ALIVE) | Gyro: 150000 samples
----------------------------------------------------------------------------------------------------------------------------------
GPS: 2 fixes (ALIVE) | Accel: 150000 samples (ALIVE) | Gyro: 150000 samples
----------------------------------------------------------------------------------------------------------------------------------
GPS: 2 fixes (ALIVE) | Accel: 150000 samples (ALIVE) | Gyro: 150000 samples
----------------------------------------------------------------------------------------------------------------------------------
GPS: 2 fixes (ALIVE) | Accel: 150000 samples (ALIVE) | Gyro: 150000 samples
----------------------------------------------------------------------------------------------------------------------------------
GPS: 3 fixes (ALIVE) | Accel: 150000 samples (ALIVE) | Gyro: 150000 samples

‚úì Auto-saving data (3 GPS, 675 accel samples)...
‚úì Auto-saved (autosave #1): /data/data/com.termux/files/home/gojo/motion_tracker_v2/../motion_tracker_sessions/comparison_20251113_131456.json.gz | Saved: 3 GPS + 676 accel | Memory cleared, indices reset
----------------------------------------------------------------------------------------------------------------------------------
GPS: 3 fixes (ALIVE) | Accel: 150000 samples (ALIVE) | Gyro: 150000 samples
----------------------------------------------------------------------------------------------------------------------------------
GPS: 3 fixes (ALIVE) | Accel: 150000 samples (ALIVE) | Gyro: 150000 samples
----------------------------------------------------------------------------------------------------------------------------------
GPS: 3 fixes (ALIVE) | Accel: 150000 samples (ALIVE) | Gyro: 150000 samples
----------------------------------------------------------------------------------------------------------------------------------
GPS: 3 fixes (ALIVE) | Accel: 150000 samples (ALIVE) | Gyro: 150000 samples
‚úì Incident logged: hard_braking (magnitude: 0.94) ‚Üí incident_1763064916_352977_hard_braking.json
----------------------------------------------------------------------------------------------------------------------------------
GPS: 4 fixes (ALIVE) | Accel: 150000 samples (ALIVE) | Gyro: 150000 samples
----------------------------------------------------------------------------------------------------------------------------------
GPS: 4 fixes (ALIVE) | Accel: 150000 samples (ALIVE) | Gyro: 150000 samples
----------------------------------------------------------------------------------------------------------------------------------
GPS: 4 fixes (ALIVE) | Accel: 150000 samples (ALIVE) | Gyro: 150000 samples
----------------------------------------------------------------------------------------------------------------------------------
GPS: 4 fixes (ALIVE) | Accel: 150000 samples (ALIVE) | Gyro: 150000 samples
----------------------------------------------------------------------------------------------------------------------------------
GPS: 4 fixes (ALIVE) | Accel: 150000 samples (ALIVE) | Gyro: 150000 samples
----------------------------------------------------------------------------------------------------------------------------------
GPS: 5 fixes (ALIVE) | Accel: 150000 samples (ALIVE) | Gyro: 150000 samples
----------------------------------------------------------------------------------------------------------------------------------
GPS: 5 fixes (ALIVE) | Accel: 150000 samples (ALIVE) | Gyro: 150000 samples
----------------------------------------------------------------------------------------------------------------------------------
GPS: 5 fixes (ALIVE) | Accel: 150000 samples (ALIVE) | Gyro: 150000 samples
‚úì Incident logged: hard_braking (magnitude: 1.82) ‚Üí incident_1763064923_9829931_hard_braking.json
----------------------------------------------------------------------------------------------------------------------------------
GPS: 5 fixes (ALIVE) | Accel: 150000 samples (ALIVE) | Gyro: 150000 samples
----------------------------------------------------------------------------------------------------------------------------------
GPS: 5 fixes (ALIVE) | Accel: 150000 samples (ALIVE) | Gyro: 150000 samples
----------------------------------------------------------------------------------------------------------------------------------
GPS: 5 fixes (ALIVE) | Accel: 150000 samples (ALIVE) | Gyro: 150000 samples

‚úì Auto-saving data (2 GPS, 574 accel samples)...
‚úì Auto-saved (autosave #2): /data/data/com.termux/files/home/gojo/motion_tracker_v2/../motion_tracker_sessions/comparison_20251113_131456.json.gz | Saved: 2 GPS + 574 accel | Memory cleared, indices reset
----------------------------------------------------------------------------------------------------------------------------------
GPS: 5 fixes (ALIVE) | Accel: 150000 samples (ALIVE) | Gyro: 150000 samples
----------------------------------------------------------------------------------------------------------------------------------
GPS: 5 fixes (ALIVE) | Accel: 150000 samples (ALIVE) | Gyro: 150000 samples
----------------------------------------------------------------------------------------------------------------------------------
GPS: 5 fixes (ALIVE) | Accel: 150000 samples (ALIVE) | Gyro: 150000 samples
----------------------------------------------------------------------------------------------------------------------------------ERROR in EKF filter thread: The truth value of an array with more than one element is ambiguous. Use a.any() or a.all()
Traceback (most recent call last):
  File "/data/data/com.termux/files/home/gojo/motion_tracker_v2/test_ekf_vs_complementary.py", line 1115, in _ekf_filter_thread
    if self.accel_samples:
       ^^^^^^^^^^^^^^^^^^
ValueError: The truth value of an array with more than one element is ambiguous. Use a.any() or a.all()
[GPS_LOOP] get_data() returned None (check #5), queue_size=0, queue_id=506530544144
[GYRO_LOOP] Processed sample #1400

‚ö†Ô∏è  MEMORY PRESSURE (96.6 MB) - Temporarily pausing ES-EKF filter
   EKF + Complementary will continue (core tracking maintained)
   ES-EKF will resume when memory drops below 90 MB

[00:36] STATUS: Memory=96.6MB (peak=96.6MB) | GPS=1000 (ALIVE) | Accel=150000 (ALIVE) | Gyro=150000
[AccelDaemon] Parsed JSON #1700
[GPS_LOOP] get_data() returned None (check #5), queue_size=0, queue_id=506530544144
[GyroDaemon] Transferred sample #1700: x=0.0929
ERROR in EKF filter thread: The truth value of an array with more than one element is ambiguous. Use a.any() or a.all()
Traceback (most recent call last):
  File "/data/data/com.termux/files/home/gojo/motion_tracker_v2/test_ekf_vs_complementary.py", line 1115, in _ekf_filter_thread
    if self.accel_samples:
       ^^^^^^^^^^^^^^^^^^
ValueError: The truth value of an array with more than one element is ambiguous. Use a.any() or a.all()
[GPS_LOOP] get_data() returned None (check #5), queue_size=0, queue_id=506530544144
[AccelDaemon] Parsed JSON #1800
[GPS_LOOP] get_data() returned None (check #5), queue_size=0, queue_id=506530544144
[GyroDaemon] Transferred sample #1800: x=-0.1387
ERROR in EKF filter thread: The truth value of an array with more than one element is ambiguous. Use a.any() or a.all()
Traceback (most recent call last):
  File "/data/data/com.termux/files/home/gojo/motion_tracker_v2/test_ekf_vs_complementary.py", line 1115, in _ekf_filter_thread
    if self.accel_samples:
       ^^^^^^^^^^^^^^^^^^
ValueError: The truth value of an array with more than one element is ambiguous. Use a.any() or a.all()
[ACCEL_LOOP] Processed sample #1400
[GYRO_LOOP] Processed sample #1500
[ACCEL_LOOP] Processed sample #1500
[GYRO_LOOP] Processed sample #1600
[GYRO_LOOP] Processed sample #1700
[ACCEL_LOOP] Processed sample #1600
[ACCEL_LOOP] Processed sample #1700
[GYRO_LOOP] Processed sample #1800
[ACCEL_LOOP] Processed sample #1800
[GPS_LOOP] get_data() returned None (check #5), queue_size=0, queue_id=506530544144
ERROR in EKF filter thread: The truth value of an array with more than one element is ambiguous. Use a.any() or a.all()
Traceback (most recent call last):
  File "/data/data/com.termux/files/home/gojo/motion_tracker_v2/test_ekf_vs_complementary.py", line 1115, in _ekf_filter_thread
    if self.accel_samples:
       ^^^^^^^^^^^^^^^^^^
ValueError: The truth value of an array with more than one element is ambiguous. Use a.any() or a.all()
[GPS_LOOP] get_data() returned None (check #5), queue_size=0, queue_id=506530544144
[AccelDaemon] Parsed JSON #1900
[GyroDaemon] Transferred sample #1900: x=-0.2456
ERROR in EKF filter thread: The truth value of an array with more than one element is ambiguous. Use a.any() or a.all()
Traceback (most recent call last):
  File "/data/data/com.termux/files/home/gojo/motion_tracker_v2/test_ekf_vs_complementary.py", line 1115, in _ekf_filter_thread
    if self.accel_samples:
       ^^^^^^^^^^^^^^^^^^
ValueError: The truth value of an array with more than one element is ambiguous. Use a.any() or a.all()
[GYRO_LOOP] Processed sample #1900
[ACCEL_LOOP] Processed sample #1900
[GPS_LOOP] get_data() returned None (check #5), queue_size=0, queue_id=506530544144
[AccelDaemon] Parsed JSON #2000
[GPS_LOOP] get_data() returned None (check #5), queue_size=0, queue_id=506530544144
[GyroDaemon] Transferred sample #2000: x=-0.0286
ERROR in EKF filter thread: The truth value of an array with more than one element is ambiguous. Use a.any() or a.all()
Traceback (most recent call last):
  File "/data/data/com.termux/files/home/gojo/motion_tracker_v2/test_ekf_vs_complementary.py", line 1115, in _ekf_filter_thread
    if self.accel_samples:
       ^^^^^^^^^^^^^^^^^^
ValueError: The truth value of an array with more than one element is ambiguous. Use a.any() or a.all()
[GYRO_LOOP] Processed sample #2000
[GPS_LOOP] get_data() returned None (check #5), queue_size=0, queue_id=506530544144
ERROR in EKF filter thread: The truth value of an array with more than one element is ambiguous. Use a.any() or a.all()
Traceback (most recent call last):
  File "/data/data/com.termux/files/home/gojo/motion_tracker_v2/test_ekf_vs_complementary.py", line 1115, in _ekf_filter_thread
    if self.accel_samples:
       ^^^^^^^^^^^^^^^^^^
ValueError: The truth value of an array with more than one element is ambiguous. Use a.any() or a.all()
[ACCEL_LOOP] Processed sample #2000
[AccelDaemon] Parsed JSON #2100
[GPS_LOOP] get_data() returned None (check #5), queue_size=0, queue_id=506530544144
[GyroDaemon] Transferred sample #2100: x=0.9351
ERROR in EKF filter thread: The truth value of an array with more than one element is ambiguous. Use a.any() or a.all()
Traceback (most recent call last):
  File "/data/data/com.termux/files/home/gojo/motion_tracker_v2/test_ekf_vs_complementary.py", line 1115, in _ekf_filter_thread
    if self.accel_samples:
       ^^^^^^^^^^^^^^^^^^
ValueError: The truth value of an array with more than one element is ambiguous. Use a.any() or a.all()
[GYRO_LOOP] Processed sample #2100
[GPS_LOOP] get_data() returned None (check #5), queue_size=0, queue_id=506530544144
[ACCEL_LOOP] Processed sample #2100
ERROR in EKF filter thread: The truth value of an array with more than one element is ambiguous. Use a.any() or a.all()
Traceback (most recent call last):
  File "/data/data/com.termux/files/home/gojo/motion_tracker_v2/test_ekf_vs_complementary.py", line 1115, in _ekf_filter_thread
    if self.accel_samples:
       ^^^^^^^^^^^^^^^^^^
ValueError: The truth value of an array with more than one element is ambiguous. Use a.any() or a.all()
[AccelDaemon] Parsed JSON #2200
[GPS_LOOP] get_data() returned None (check #5), queue_size=0, queue_id=506530544144
[GyroDaemon] Transferred sample #2200: x=0.4687
ERROR in EKF filter thread: The truth value of an array with more than one element is ambiguous. Use a.any() or a.all()
Traceback (most recent call last):
  File "/data/data/com.termux/files/home/gojo/motion_tracker_v2/test_ekf_vs_complementary.py", line 1115, in _ekf_filter_thread
    if self.accel_samples:
       ^^^^^^^^^^^^^^^^^^
ValueError: The truth value of an array with more than one element is ambiguous. Use a.any() or a.all()
[GYRO_LOOP] Processed sample #2200
[ACCEL_LOOP] Processed sample #2200
[GPS_LOOP] get_data() returned None (check #5), queue_size=0, queue_id=506530544144
ERROR in EKF filter thread: The truth value of an array with more than one element is ambiguous. Use a.any() or a.all()
Traceback (most recent call last):
  File "/data/data/com.termux/files/home/gojo/motion_tracker_v2/test_ekf_vs_complementary.py", line 1115, in _ekf_filter_thread
    if self.accel_samples:
       ^^^^^^^^^^^^^^^^^^
ValueError: The truth value of an array with more than one element is ambiguous. Use a.any() or a.all()
[AccelDaemon] Parsed JSON #2300
[GPS_LOOP] get_data() returned None (check #5), queue_size=0, queue_id=506530544144
[GyroDaemon] Transferred sample #2300: x=-0.0252
[GPS_LOOP] get_data() returned None (check #5), queue_size=0, queue_id=506530544144
ERROR in EKF filter thread: The truth value of an array with more than one element is ambiguous. Use a.any() or a.all()
[GYRO_LOOP] Processed sample #2300
[ACCEL_LOOP] Processed sample #2300
Traceback (most recent call last):
  File "/data/data/com.termux/files/home/gojo/motion_tracker_v2/test_ekf_vs_complementary.py", line 1115, in _ekf_filter_thread
    if self.accel_samples:
       ^^^^^^^^^^^^^^^^^^
ValueError: The truth value of an array with more than one element is ambiguous. Use a.any() or a.all()
[GPS_LOOP] get_data() returned None (check #5), queue_size=0, queue_id=506530544144
[AccelDaemon] Parsed JSON #2400
[GyroDaemon] Transferred sample #2400: x=0.4673
ERROR in EKF filter thread: The truth value of an array with more than one element is ambiguous. Use a.any() or a.all()
Traceback (most recent call last):
  File "/data/data/com.termux/files/home/gojo/motion_tracker_v2/test_ekf_vs_complementary.py", line 1115, in _ekf_filter_thread
    if self.accel_samples:
       ^^^^^^^^^^^^^^^^^^
ValueError: The truth value of an array with more than one element is ambiguous. Use a.any() or a.all()
[GYRO_LOOP] Processed sample #2400
[GPS_LOOP] get_data() returned None (check #5), queue_size=0, queue_id=506530544144
ERROR in EKF filter thread: The truth value of an array with more than one element is ambiguous. Use a.any() or a.all()
Traceback (most recent call last):
[ACCEL_LOOP] Processed sample #2400
  File "/data/data/com.termux/files/home/gojo/motion_tracker_v2/test_ekf_vs_complementary.py", line 1115, in _ekf_filter_thread
    if self.accel_samples:
       ^^^^^^^^^^^^^^^^^^
ValueError: The truth value of an array with more than one element is ambiguous. Use a.any() or a.all()
[GPS_LOOP] get_data() returned None (check #5), queue_size=0, queue_id=506530544144
[AccelDaemon] Parsed JSON #2500
[GyroDaemon] Transferred sample #2500: x=-0.2262
ERROR in EKF filter thread: The truth value of an array with more than one element is ambiguous. Use a.any() or a.all()
Traceback (most recent call last):
  File "/data/data/com.termux/files/home/gojo/motion_tracker_v2/test_ekf_vs_complementary.py", line 1115, in _ekf_filter_thread
    if self.accel_samples:
       ^^^^^^^^^^^^^^^^^^
ValueError: The truth value of an array with more than one element is ambiguous. Use a.any() or a.all()
[GYRO_LOOP] Processed sample #2500
[ACCEL_LOOP] Processed sample #2500
[GPS_LOOP] get_data() returned None (check #5), queue_size=0, queue_id=506530544144

‚ö†Ô∏è GPS SILENT for 30.3s - triggering auto-restart
  ‚Üí GPS already alive (concurrent restart won)
  ‚úì GPS restarted, resuming data collection
ERROR in EKF filter thread: The truth value of an array with more than one element is ambiguous. Use a.any() or a.all()
Traceback (most recent call last):
  File "/data/data/com.termux/files/home/gojo/motion_tracker_v2/test_ekf_vs_complementary.py", line 1115, in _ekf_filter_thread
    if self.accel_samples:
       ^^^^^^^^^^^^^^^^^^
ValueError: The truth value of an array with more than one element is ambiguous. Use a.any() or a.all()
[GPS_LOOP] get_data() returned None (check #5), queue_size=0, queue_id=506530544144
[AccelDaemon] Parsed JSON #2600
[GyroDaemon] Transferred sample #2600: x=1.5653
ERROR in EKF filter thread: The truth value of an array with more than one element is ambiguous. Use a.any() or a.all()
Traceback (most recent call last):
  File "/data/data/com.termux/files/home/gojo/motion_tracker_v2/test_ekf_vs_complementary.py", line 1115, in _ekf_filter_thread
    if self.accel_samples:
       ^^^^^^^^^^^^^^^^^^
ValueError: The truth value of an array with more than one element is ambiguous. Use a.any() or a.all()
[GYRO_LOOP] Processed sample #2600
[ACCEL_LOOP] Processed sample #2600
[GPS_LOOP] get_data() returned None (check #5), queue_size=0, queue_id=506530544144
[GPSDaemon] stderr: [GPS] ‚úó Request timeout (30s)
[GPS_LOOP] get_data() returned None (check #5), queue_size=0, queue_id=506530544144
ERROR in EKF filter thread: The truth value of an array with more than one element is ambiguous. Use a.any() or a.all()
Traceback (most recent call last):
  File "/data/data/com.termux/files/home/gojo/motion_tracker_v2/test_ekf_vs_complementary.py", line 1115, in _ekf_filter_thread
    if self.accel_samples:
       ^^^^^^^^^^^^^^^^^^
ValueError: The truth value of an array with more than one element is ambiguous. Use a.any() or a.all()
[AccelDaemon] Parsed JSON #2700
[GyroDaemon] Transferred sample #2700: x=0.8580
[GYRO_LOOP] Processed sample #2700
[GPS_LOOP] get_data() returned None (check #5), queue_size=0, queue_id=506530544144
[ACCEL_LOOP] Processed sample #2700
ERROR in EKF filter thread: The truth value of an array with more than one element is ambiguous. Use a.any() or a.all()
Traceback (most recent call last):
  File "/data/data/com.termux/files/home/gojo/motion_tracker_v2/test_ekf_vs_complementary.py", line 1115, in _ekf_filter_thread
    if self.accel_samples:
       ^^^^^^^^^^^^^^^^^^
ValueError: The truth value of an array with more than one element is ambiguous. Use a.any() or a.all()
[GPS_LOOP] get_data() returned None (check #5), queue_size=0, queue_id=506530544144
[AccelDaemon] Parsed JSON #2800
[GyroDaemon] Transferred sample #2800: x=0.3212
ERROR in EKF filter thread: The truth value of an array with more than one element is ambiguous. Use a.any() or a.all()
Traceback (most recent call last):
  File "/data/data/com.termux/files/home/gojo/motion_tracker_v2/test_ekf_vs_complementary.py", line 1115, in _ekf_filter_thread
    if self.accel_samples:
       ^^^^^^^^^^^^^^^^^^
ValueError: The truth value of an array with more than one element is ambiguous. Use a.any() or a.all()
[GYRO_LOOP] Processed sample #2800
[GPS_LOOP] get_data() returned None (check #5), queue_size=0, queue_id=506530544144
ERROR in EKF filter thread: The truth value of an array with more than one element is ambiguous. Use a.any() or a.all()
Traceback (most recent call last):
  File "/data/data/com.termux/files/home/gojo/motion_tracker_v2/test_ekf_vs_complementary.py", line 1115, in _ekf_filter_thread
    if self.accel_samples:
       ^^^^^^^^^^^^^^^^^^
ValueError: The truth value of an array with more than one element is ambiguous. Use a.any() or a.all()
[ACCEL_LOOP] Processed sample #2800
[GPS_LOOP] get_data() returned None (check #5), queue_size=0, queue_id=506530544144
[AccelDaemon] Parsed JSON #2900
[GyroDaemon] Transferred sample #2900: x=-0.0345
ERROR in EKF filter thread: The truth value of an array with more than one element is ambiguous. Use a.any() or a.all()
Traceback (most recent call last):
  File "/data/data/com.termux/files/home/gojo/motion_tracker_v2/test_ekf_vs_complementary.py", line 1115, in _ekf_filter_thread
    gyro_measurement=[gyro_packet['gyro_x'], gyro_packet['gyro_y'], gyro_packet['gyro_z']],
       ^^^^^^^^^^^^^^^^^^
ValueError: The truth value of an array with more than one element is ambiguous. Use a.any() or a.all()
[GYRO_LOOP] Processed sample #2900
[ACCEL_LOOP] Processed sample #2900
[GPS_LOOP] get_data() returned None (check #5), queue_size=0, queue_id=506530544144
[GPS_LOOP] get_data() returned None (check #5), queue_size=0, queue_id=506530544144
ERROR in EKF filter thread: The truth value of an array with more than one element is ambiguous. Use a.any() or a.all()
Traceback (most recent call last):
  File "/data/data/com.termux/files/home/gojo/motion_tracker_v2/test_ekf_vs_complementary.py", line 1115, in _ekf_filter_thread
    gyro_measurement=[gyro_packet['gyro_x'], gyro_packet['gyro_y'], gyro_packet['gyro_z']],
       ^^^^^^^^^^^^^^^^^^
ValueError: The truth value of an array with more than one element is ambiguous. Use a.any() or a.all()
[AccelDaemon] Parsed JSON #3000
[GyroDaemon] Transferred sample #3000: x=0.0221
[GPS_LOOP] get_data() returned None (check #5), queue_size=0, queue_id=506530544144
ERROR in EKF filter thread: The truth value of an array with more than one element is ambiguous. Use a.any() or a.all()
Traceback (most recent call last):
  File "/data/data/com.termux/files/home/gojo/motion_tracker_v2/test_ekf_vs_complementary.py", line 1115, in _ekf_filter_thread
    gyro_measurement=[gyro_packet['gyro_x'], gyro_packet['gyro_y'], gyro_packet['gyro_z']],
       ^^^^^^^^^^^^^^^^^^
ValueError: The truth value of an array with more than one element is ambiguous. Use a.any() or a.all()
[GYRO_LOOP] Processed sample #3000
[ACCEL_LOOP] Processed sample #3000
[GPS_LOOP] get_data() returned None (check #5), queue_size=0, queue_id=506530544144
ERROR in EKF filter thread: The truth value of an array with more than one element is ambiguous. Use a.any() or a.all()
Traceback (most recent call last):
  File "/data/data/com.termux/files/home/gojo/motion_tracker_v2/test_ekf_vs_complementary.py", line 1115, in _ekf_filter_thread
    gyro_measurement=[gyro_packet['gyro_x'], gyro_packet['gyro_y'], gyro_packet['gyro_z']],
       ^^^^^^^^^^^^^^^^^^
ValueError: The truth value of an array with more than one element is ambiguous. Use a.any() or a.all()
[AccelDaemon] Parsed JSON #3100
[GyroDaemon] Transferred sample #3100: x=0.0455
[GYRO_LOOP] Processed sample #3100
[GPS_LOOP] get_data() returned None (check #5), queue_size=0, queue_id=506530544144
[01:06] STATUS: Memory=98.3MB (peak=98.3MB) | GPS=1000 (ALIVE) | Accel=150000 (ALIVE) | Gyro=150000
ERROR in EKF filter thread: The truth value of an array with more than one element is ambiguous. Use a.any() or a.all()
Traceback (most recent call last):
  File "/data/data/com.termux/files/home/gojo/motion_tracker_v2/test_ekf_vs_complementary.py", line 1115, in _ekf_filter_thread
    gyro_measurement=[gyro_packet['gyro_x'], gyro_packet['gyro_y'], gyro_packet['gyro_z']],
       ^^^^^^^^^^^^^^^^^^
ValueError: The truth value of an array with more than one element is ambiguous. Use a.any() or a.all()
[ACCEL_LOOP] Processed sample #3100
[GPS_LOOP] get_data() returned None (check #5), queue_size=0, queue_id=506530544144
[AccelDaemon] Parsed JSON #3200
[GyroDaemon] Transferred sample #3200: x=1.1080
ERROR in EKF filter thread: The truth value of an array with more than one element is ambiguous. Use a.any() or a.all()
Traceback (most recent call last):
  File "/data/data/com.termux/files/home/gojo/motion_tracker_v2/test_ekf_vs_complementary.py", line 1115, in _ekf_filter_thread
    gyro_measurement=[gyro_packet['gyro_x'], gyro_packet['gyro_y'], gyro_packet['gyro_z']],
       ^^^^^^^^^^^^^^^^^^
ValueError: The truth value of an array with more than one element is ambiguous. Use a.any() or a.all()
[GYRO_LOOP] Processed sample #3200
[GPS_LOOP] get_data() returned None (check #5), queue_size=0, queue_id=506530544144
ERROR in EKF filter thread: The truth value of an array with more than one element is ambiguous. Use a.any() or a.all()
[ACCEL_LOOP] Processed sample #3200
Traceback (most recent call last):
  File "/data/data/com.termux/files/home/gojo/motion_tracker_v2/test_ekf_vs_complementary.py", line 1115, in _ekf_filter_thread
    gyro_measurement=[gyro_packet['gyro_x'], gyro_packet['gyro_y'], gyro_packet['gyro_z']],
       ^^^^^^^^^^^^^^^^^^
ValueError: The truth value of an array with more than one element is ambiguous. Use a.any() or a.all()
[GPS_LOOP] get_data() returned None (check #5), queue_size=0, queue_id=506530544144
[AccelDaemon] Parsed JSON #3300
[GyroDaemon] Transferred sample #3300: x=0.0382
[GPS_LOOP] get_data() returned None (check #5), queue_size=0, queue_id=506530544144
ERROR in EKF filter thread: The truth value of an array with more than one element is ambiguous. Use a.any() or a.all()
Traceback (most recent call last):
  File "/data/data/com.termux/files/home/gojo/motion_tracker_v2/test_ekf_vs_complementary.py", line 1115, in _ekf_filter_thread
    gyro_measurement=[gyro_packet['gyro_x'], gyro_packet['gyro_y'], gyro_packet['gyro_z']],
       ^^^^^^^^^^^^^^^^^^
[GYRO_LOOP] Processed sample #3300
[ACCEL_LOOP] Processed sample #3300
ValueError: The truth value of an array with more than one element is ambiguous. Use a.any() or a.all()
[GPS_LOOP] get_data() returned None (check #5), queue_size=0, queue_id=506530544144
ERROR in EKF filter thread: The truth value of an array with more than one element is ambiguous. Use a.any() or a.all()
Traceback (most recent call last):
  File "/data/data/com.termux/files/home/gojo/motion_tracker_v2/test_ekf_vs_complementary.py", line 1115, in _ekf_filter_thread
    gyro_measurement=[gyro_packet['gyro_x'], gyro_packet['gyro_y'], gyro_packet['gyro_z']],
       ^^^^^^^^^^^^^^^^^^
ValueError: The truth value of an array with more than one element is ambiguous. Use a.any() or a.all()
[AccelDaemon] Parsed JSON #3400
[GyroDaemon] Transferred sample #3400: x=-0.0733
[GPS_LOOP] get_data() returned None (check #5), queue_size=0, queue_id=506530544144

GPS: 5 fixes (ALIVE) | Accel: 150000 samples (ALIVE) | Gyro: 150000 samples
----------------------------------------------------------------------------------------------------------------------------------
GPS: 5 fixes (ALIVE) | Accel: 150000 samples (ALIVE) | Gyro: 150000 samples
----------------------------------------------------------------------------------------------------------------------------------
GPS: 5 fixes (ALIVE) | Accel: 150000 samples (ALIVE) | Gyro: 150000 samples
----------------------------------------------------------------------------------------------------------------------------------
GPS: 5 fixes (ALIVE) | Accel: 150000 samples (ALIVE) | Gyro: 150000 samples
----------------------------------------------------------------------------------------------------------------------------------
GPS: 5 fixes (ALIVE) | Accel: 150000 samples (ALIVE) | Gyro: 150000 samples
----------------------------------------------------------------------------------------------------------------------------------
GPS: 5 fixes (ALIVE) | Accel: 150000 samples (ALIVE) | Gyro: 150000 samples
----------------------------------------------------------------------------------------------------------------------------------
GPS: 5 fixes (ALIVE) | Accel: 150000 samples (ALIVE) | Gyro: 150000 samples
----------------------------------------------------------------------------------------------------------------------------------
GPS: 5 fixes (ALIVE) | Accel: 150000 samples (ALIVE) | Gyro: 150000 samples
----------------------------------------------------------------------------------------------------------------------------------
GPS: 5 fixes (ALIVE) | Accel: 150000 samples (ALIVE) | Gyro: 150000 samples
----------------------------------------------------------------------------------------------------------------------------------
GPS: 5 fixes (ALIVE) | Accel: 150000 samples (ALIVE) | Gyro: 150000 samples
----------------------------------------------------------------------------------------------------------------------------------
GPS: 5 fixes (ALIVE) | Accel: 150000 samples (ALIVE) | Gyro: 150000 samples
‚úì Incident logged: hard_braking (magnitude: 0.86) ‚Üí incident_1763064941_841236_hard_braking.json

‚úì Auto-saving data (0 GPS, 848 accel samples)...
----------------------------------------------------------------------------------------------------------------------------------
GPS: 5 fixes (ALIVE) | Accel: 150000 samples (ALIVE) | Gyro: 150000 samples
‚úì Auto-saved (autosave #3): /data/data/com.termux/files/home/gojo/motion_tracker_v2/../motion_tracker_sessions/comparison_20251113_131456.json.gz | Saved: 0 GPS + 849 accel | Memory cleared, indices reset
----------------------------------------------------------------------------------------------------------------------------------
GPS: 5 fixes (ALIVE) | Accel: 150000 samples (ALIVE) | Gyro: 150000 samples
----------------------------------------------------------------------------------------------------------------------------------
GPS: 5 fixes (ALIVE) | Accel: 150000 samples (ALIVE) | Gyro: 150000 samples
----------------------------------------------------------------------------------------------------------------------------------
GPS: 5 fixes (ALIVE) | Accel: 150000 samples (ALIVE) | Gyro: 150000 samples
----------------------------------------------------------------------------------------------------------------------------------
GPS: 5 fixes (ALIVE) | Accel: 150000 samples (ALIVE) | Gyro: 150000 samples
----------------------------------------------------------------------------------------------------------------------------------
GPS: 5 fixes (ALIVE) | Accel: 150000 samples (ALIVE) | Gyro: 150000 samples
----------------------------------------------------------------------------------------------------------------------------------
GPS: 5 fixes (ALIVE) | Accel: 150000 samples (ALIVE) | Gyro: 150000 samples
----------------------------------------------------------------------------------------------------------------------------------
GPS: 5 fixes (ALIVE) | Accel: 150000 samples (ALIVE) | Gyro: 150000 samples
----------------------------------------------------------------------------------------------------------------------------------
GPS: 5 fixes (ALIVE) | Accel: 150000 samples (ALIVE) | Gyro: 150000 samples
‚úì Incident logged: hard_braking (magnitude: 0.84) ‚Üí incident_1763064951_4275885_hard_braking.json
----------------------------------------------------------------------------------------------------------------------------------
GPS: 5 fixes (ALIVE) | Accel: 150000 samples (ALIVE) | Gyro: 150000 samples
----------------------------------------------------------------------------------------------------------------------------------
GPS: 5 fixes (ALIVE) | Accel: 150000 samples (ALIVE) | Gyro: 150000 samples
----------------------------------------------------------------------------------------------------------------------------------
GPS: 5 fixes (ALIVE) | Accel: 150000 samples (ALIVE) | Gyro: 150000 samples
----------------------------------------------------------------------------------------------------------------------------------
GPS: 5 fixes (ALIVE) | Accel: 150000 samples (ALIVE) | Gyro: 150000 samples
----------------------------------------------------------------------------------------------------------------------------------
GPS: 5 fixes (ALIVE) | Accel: 150000 samples (ALIVE) | Gyro: 150000 samples
‚úì Incident logged: hard_braking (magnitude: 0.80) ‚Üí incident_1763064957_464718_hard_braking.json
----------------------------------------------------------------------------------------------------------------------------------
GPS: 5 fixes (ALIVE) | Accel: 150000 samples (ALIVE) | Gyro: 150000 samples

‚úì Auto-saving data (0 GPS, 746 accel samples)...
‚úì Auto-saved (autosave #4): /data/data/com.termux/files/home/gojo/motion_tracker_v2/../motion_tracker_sessions/comparison_20251113_131456.json.gz | Saved: 0 GPS + 747 accel | Memory cleared, indices reset
----------------------------------------------------------------------------------------------------------------------------------
GPS: 5 fixes (ALIVE) | Accel: 150000 samples (ALIVE) | Gyro: 150000 samples
----------------------------------------------------------------------------------------------------------------------------------
GPS: 5 fixes (ALIVE) | Accel: 150000 samples (ALIVE) | Gyro: 150000 samples
----------------------------------------------------------------------------------------------------------------------------------
GPS: 5 fixes (ALIVE) | Accel: 150000 samples (ALIVE) | Gyro: 150000 samples
----------------------------------------------------------------------------------------------------------------------------------
GPS: 5 fixes (ALIVE) | Accel: 150000 samples (ALIVE) | Gyro: 150000 samples
----------------------------------------------------------------------------------------------------------------------------------
GPS: 5 fixes (ALIVE) | Accel: 150000 samples (ALIVE) | Gyro: 150000 samples
----------------------------------------------------------------------------------------------------------------------------------
GPS: 5 fixes (ALIVE) | Accel: 150000 samples (ALIVE) | Gyro: 150000 samples
----------------------------------------------------------------------------------------------------------------------------------
GPS: 5 fixes (ALIVE) | Accel: 150000 samples (ALIVE) | Gyro: 150000 samples
----------------------------------------------------------------------------------------------------------------------------------
GPS: 5 fixes (ALIVE) | Accel: 150000 samples (ALIVE) | Gyro: 150000 samples
----------------------------------------------------------------------------------------------------------------------------------
GPS: 5 fixes (ALIVE) | Accel: 150000 samples (ALIVE) | Gyro: 150000 samples
----------------------------------------------------------------------------------------------------------------------------------
GPS: 5 fixes (ALIVE) | Accel: 150000 samples (ALIVE) | Gyro: 150000 samples
----------------------------------------------------------------------------------------------------------------------------------ERROR in EKF filter thread: The truth value of an array with more than one element is ambiguous. Use a.any() or a.all()
Traceback (most recent call last):
  File "/data/data/com.termux/files/home/gojo/motion_tracker_v2/test_ekf_vs_complementary.py", line 1115, in _ekf_filter_thread
    gyro_measurement=[gyro_packet['gyro_x'], gyro_packet['gyro_y'], gyro_packet['gyro_z']],
       ^^^^^^^^^^^^^^^^^^
ValueError: The truth value of an array with more than one element is ambiguous. Use a.any() or a.all()
[GYRO_LOOP] Processed sample #3400
[ACCEL_LOOP] Processed sample #3400
[GPS_LOOP] get_data() returned None (check #5), queue_size=0, queue_id=506530544144
[AccelDaemon] Parsed JSON #3500
ERROR in EKF filter thread: The truth value of an array with more than one element is ambiguous. Use a.any() or a.all()
Traceback (most recent call last):
  File "/data/data/com.termux/files/home/gojo/motion_tracker_v2/test_ekf_vs_complementary.py", line 1115, in _ekf_filter_thread
    gyro_measurement=[gyro_packet['gyro_x'], gyro_packet['gyro_y'], gyro_packet['gyro_z']],
       ^^^^^^^^^^^^^^^^^^
ValueError: The truth value of an array with more than one element is ambiguous. Use a.any() or a.all()
[GyroDaemon] Transferred sample #3500: x=-0.1651
[GYRO_LOOP] Processed sample #3500
[GPS_LOOP] get_data() returned None (check #5), queue_size=0, queue_id=506530544144
ERROR in EKF filter thread: The truth value of an array with more than one element is ambiguous. Use a.any() or a.all()
Traceback (most recent call last):
  File "/data/data/com.termux/files/home/gojo/motion_tracker_v2/test_ekf_vs_complementary.py", line 1115, in _ekf_filter_thread
    gyro_measurement=[gyro_packet['gyro_x'], gyro_packet['gyro_y'], gyro_packet['gyro_z']],
       ^^^^^^^^^^^^^^^^^^
ValueError: The truth value of an array with more than one element is ambiguous. Use a.any() or a.all()
[ACCEL_LOOP] Processed sample #3500
[GPS_LOOP] get_data() returned None (check #5), queue_size=0, queue_id=506530544144
[AccelDaemon] Parsed JSON #3600
[GyroDaemon] Transferred sample #3600: x=-0.3085
ERROR in EKF filter thread: The truth value of an array with more than one element is ambiguous. Use a.any() or a.all()
Traceback (most recent call last):
  File "/data/data/com.termux/files/home/gojo/motion_tracker_v2/test_ekf_vs_complementary.py", line 1115, in _ekf_filter_thread
    gyro_measurement=[gyro_packet['gyro_x'], gyro_packet['gyro_y'], gyro_packet['gyro_z']],
       ^^^^^^^^^^^^^^^^^^
[GYRO_LOOP] Processed sample #3600
ValueError: The truth value of an array with more than one element is ambiguous. Use a.any() or a.all()
[GPS_LOOP] get_data() returned None (check #5), queue_size=0, queue_id=506530544144
[ACCEL_LOOP] Processed sample #3600
[GPS_LOOP] get_data() returned None (check #5), queue_size=0, queue_id=506530544144
ERROR in EKF filter thread: The truth value of an array with more than one element is ambiguous. Use a.any() or a.all()
Traceback (most recent call last):
  File "/data/data/com.termux/files/home/gojo/motion_tracker_v2/test_ekf_vs_complementary.py", line 1115, in _ekf_filter_thread
    gyro_measurement=[gyro_packet['gyro_x'], gyro_packet['gyro_y'], gyro_packet['gyro_z']],
       ^^^^^^^^^^^^^^^^^^
ValueError: The truth value of an array with more than one element is ambiguous. Use a.any() or a.all()
[AccelDaemon] Parsed JSON #3700
[GyroDaemon] Transferred sample #3700: x=0.2341
[GPS_LOOP] get_data() returned None (check #5), queue_size=0, queue_id=506530544144
ERROR in EKF filter thread: The truth value of an array with more than one element is ambiguous. Use a.any() or a.all()
Traceback (most recent call last):
  File "/data/data/com.termux/files/home/gojo/motion_tracker_v2/test_ekf_vs_complementary.py", line 1115, in _ekf_filter_thread
    gyro_measurement=[gyro_packet['gyro_x'], gyro_packet['gyro_y'], gyro_packet['gyro_z']],
       ^^^^^^^^^^^^^^^^^^
ValueError: The truth value of an array with more than one element is ambiguous. Use a.any() or a.all()
[GYRO_LOOP] Processed sample #3700
[ACCEL_LOOP] Processed sample #3700
[GPS_LOOP] get_data() returned None (check #5), queue_size=0, queue_id=506530544144
ERROR in EKF filter thread: The truth value of an array with more than one element is ambiguous. Use a.any() or a.all()
Traceback (most recent call last):
  File "/data/data/com.termux/files/home/gojo/motion_tracker_v2/test_ekf_vs_complementary.py", line 1115, in _ekf_filter_thread
    gyro_measurement=[gyro_packet['gyro_x'], gyro_packet['gyro_y'], gyro_packet['gyro_z']],
       ^^^^^^^^^^^^^^^^^^
ValueError: The truth value of an array with more than one element is ambiguous. Use a.any() or a.all()
[AccelDaemon] Parsed JSON #3800
[GyroDaemon] Transferred sample #3800: x=1.2530
[GPS_LOOP] get_data() returned None (check #5), queue_size=0, queue_id=506530544144
ERROR in EKF filter thread: The truth value of an array with more than one element is ambiguous. Use a.any() or a.all()
Traceback (most recent call last):
  File "/data/data/com.termux/files/home/gojo/motion_tracker_v2/test_ekf_vs_complementary.py", line 1115, in _ekf_filter_thread
    gyro_measurement=[gyro_packet['gyro_x'], gyro_packet['gyro_y'], gyro_packet['gyro_z']],
       ^^^^^^^^^^^^^^^^^^
ValueError: The truth value of an array with more than one element is ambiguous. Use a.any() or a.all()
[GYRO_LOOP] Processed sample #3800
[ACCEL_LOOP] Processed sample #3800
[GPS_LOOP] get_data() returned None (check #5), queue_size=0, queue_id=506530544144
[AccelDaemon] Parsed JSON #3900
ERROR in EKF filter thread: The truth value of an array with more than one element is ambiguous. Use a.any() or a.all()
Traceback (most recent call last):
  File "/data/data/com.termux/files/home/gojo/motion_tracker_v2/test_ekf_vs_complementary.py", line 1115, in _ekf_filter_thread
    gyro_measurement=[gyro_packet['gyro_x'], gyro_packet['gyro_y'], gyro_packet['gyro_z']],
       ^^^^^^^^^^^^^^^^^^
ValueError: The truth value of an array with more than one element is ambiguous. Use a.any() or a.all()
[GyroDaemon] Transferred sample #3900: x=-0.4453
[GYRO_LOOP] Processed sample #3900
[GPS_LOOP] get_data() returned None (check #5), queue_size=0, queue_id=506530544144
[ACCEL_LOOP] Processed sample #3900
ERROR in EKF filter thread: The truth value of an array with more than one element is ambiguous. Use a.any() or a.all()
Traceback (most recent call last):
  File "/data/data/com.termux/files/home/gojo/motion_tracker_v2/test_ekf_vs_complementary.py", line 1115, in _ekf_filter_thread
    gyro_measurement=[gyro_packet['gyro_x'], gyro_packet['gyro_y'], gyro_packet['gyro_z']],
       ^^^^^^^^^^^^^^^^^^
ValueError: The truth value of an array with more than one element is ambiguous. Use a.any() or a.all()
[GPS_LOOP] get_data() returned None (check #5), queue_size=0, queue_id=506530544144
[AccelDaemon] Parsed JSON #4000
[GyroDaemon] Transferred sample #4000: x=1.8743
[GPS_LOOP] get_data() returned None (check #5), queue_size=0, queue_id=506530544144

‚ö†Ô∏è GPS SILENT for 30.1s - triggering auto-restart
  ‚Üí GPS already alive (concurrent restart won)
  ‚úì GPS restarted, resuming data collection
[GYRO_LOOP] Processed sample #4000
[ACCEL_LOOP] Processed sample #4000
ERROR in EKF filter thread: The truth value of an array with more than one element is ambiguous. Use a.any() or a.all()
Traceback (most recent call last):
  File "/data/data/com.termux/files/home/gojo/motion_tracker_v2/test_ekf_vs_complementary.py", line 1115, in _ekf_filter_thread
    gyro_measurement=[gyro_packet['gyro_x'], gyro_packet['gyro_y'], gyro_packet['gyro_z']],
       ^^^^^^^^^^^^^^^^^^
ValueError: The truth value of an array with more than one element is ambiguous. Use a.any() or a.all()
[GPS_LOOP] get_data() returned None (check #5), queue_size=0, queue_id=506530544144
ERROR in EKF filter thread: The truth value of an array with more than one element is ambiguous. Use a.any() or a.all()
Traceback (most recent call last):
  File "/data/data/com.termux/files/home/gojo/motion_tracker_v2/test_ekf_vs_complementary.py", line 1115, in _ekf_filter_thread
    gyro_measurement=[gyro_packet['gyro_x'], gyro_packet['gyro_y'], gyro_packet['gyro_z']],
       ^^^^^^^^^^^^^^^^^^
ValueError: The truth value of an array with more than one element is ambiguous. Use a.any() or a.all()
[AccelDaemon] Parsed JSON #4100
[GyroDaemon] Transferred sample #4100: x=-0.3998
[GPS_LOOP] get_data() returned None (check #5), queue_size=0, queue_id=506530544144
[GPSDaemon] stderr: [GPS] ‚úó Request timeout (30s)
[GYRO_LOOP] Processed sample #4100
[ACCEL_LOOP] Processed sample #4100
ERROR in EKF filter thread: The truth value of an array with more than one element is ambiguous. Use a.any() or a.all()
Traceback (most recent call last):
  File "/data/data/com.termux/files/home/gojo/motion_tracker_v2/test_ekf_vs_complementary.py", line 1115, in _ekf_filter_thread
    gyro_measurement=[gyro_packet['gyro_x'], gyro_packet['gyro_y'], gyro_packet['gyro_z']],
       ^^^^^^^^^^^^^^^^^^
ValueError: The truth value of an array with more than one element is ambiguous. Use a.any() or a.all()
[GPS_LOOP] get_data() returned None (check #5), queue_size=0, queue_id=506530544144
ERROR in EKF filter thread: The truth value of an array with more than one element is ambiguous. Use a.any() or a.all()
Traceback (most recent call last):
  File "/data/data/com.termux/files/home/gojo/motion_tracker_v2/test_ekf_vs_complementary.py", line 1115, in _ekf_filter_thread
    gyro_measurement=[gyro_packet['gyro_x'], gyro_packet['gyro_y'], gyro_packet['gyro_z']],
       ^^^^^^^^^^^^^^^^^^
ValueError: The truth value of an array with more than one element is ambiguous. Use a.any() or a.all()
[GPS_LOOP] get_data() returned None (check #5), queue_size=0, queue_id=506530544144
[AccelDaemon] Parsed JSON #4200
[GyroDaemon] Transferred sample #4200: x=0.1174
[GPS_LOOP] get_data() returned None (check #5), queue_size=0, queue_id=506530544144
[GYRO_LOOP] Processed sample #4200
ERROR in EKF filter thread: The truth value of an array with more than one element is ambiguous. Use a.any() or a.all()
Traceback (most recent call last):
  File "/data/data/com.termux/files/home/gojo/motion_tracker_v2/test_ekf_vs_complementary.py", line 1115, in _ekf_filter_thread
    # Brief sleep to avoid CPU spinning
                       ^^^^^^^^^^^^^^^^^
ValueError: The truth value of an array with more than one element is ambiguous. Use a.any() or a.all()
[ACCEL_LOOP] Processed sample #4200
[AccelDaemon] Read loop exited. Parsed 4253 JSON objects, 68027 lines total
[GPS_LOOP] get_data() returned None (check #5), queue_size=0, queue_id=506530544144

‚ö†Ô∏è ACCEL DAEMON DIED (exit_code=0) - triggering immediate restart

üîÑ Attempting to restart accelerometer daemon (attempt 1/60)...
ERROR in EKF filter thread: The truth value of an array with more than one element is ambiguous. Use a.any() or a.all()
Traceback (most recent call last):
  File "/data/data/com.termux/files/home/gojo/motion_tracker_v2/test_ekf_vs_complementary.py", line 1115, in _ekf_filter_thread
    # Brief sleep to avoid CPU spinning
                       ^^^^^^^^^^^^^^^^^
ValueError: The truth value of an array with more than one element is ambiguous. Use a.any() or a.all()
[GPS_LOOP] get_data() returned None (check #5), queue_size=0, queue_id=506530544144
ERROR in EKF filter thread: The truth value of an array with more than one element is ambiguous. Use a.any() or a.all()
Traceback (most recent call last):
  File "/data/data/com.termux/files/home/gojo/motion_tracker_v2/test_ekf_vs_complementary.py", line 1115, in _ekf_filter_thread
    # Brief sleep to avoid CPU spinning
                       ^^^^^^^^^^^^^^^^^
ValueError: The truth value of an array with more than one element is ambiguous. Use a.any() or a.all()
[GPS_LOOP] get_data() returned None (check #5), queue_size=0, queue_id=506530544144
ERROR in EKF filter thread: The truth value of an array with more than one element is ambiguous. Use a.any() or a.all()
Traceback (most recent call last):
  File "/data/data/com.termux/files/home/gojo/motion_tracker_v2/test_ekf_vs_complementary.py", line 1115, in _ekf_filter_thread
    # Brief sleep to avoid CPU spinning
                       ^^^^^^^^^^^^^^^^^
ValueError: The truth value of an array with more than one element is ambiguous. Use a.any() or a.all()
[GPS_LOOP] get_data() returned None (check #5), queue_size=0, queue_id=506530544144
ERROR in EKF filter thread: The truth value of an array with more than one element is ambiguous. Use a.any() or a.all()
Traceback (most recent call last):
  File "/data/data/com.termux/files/home/gojo/motion_tracker_v2/test_ekf_vs_complementary.py", line 1115, in _ekf_filter_thread
    # Brief sleep to avoid CPU spinning
                       ^^^^^^^^^^^^^^^^^
ValueError: The truth value of an array with more than one element is ambiguous. Use a.any() or a.all()
[GPS_LOOP] get_data() returned None (check #5), queue_size=0, queue_id=506530544144
ERROR in EKF filter thread: The truth value of an array with more than one element is ambiguous. Use a.any() or a.all()
Traceback (most recent call last):
  File "/data/data/com.termux/files/home/gojo/motion_tracker_v2/test_ekf_vs_complementary.py", line 1115, in _ekf_filter_thread
    # Brief sleep to avoid CPU spinning
                       ^^^^^^^^^^^^^^^^^
ValueError: The truth value of an array with more than one element is ambiguous. Use a.any() or a.all()
[GPS_LOOP] get_data() returned None (check #5), queue_size=0, queue_id=506530544144
[01:36] STATUS: Memory=98.9MB (peak=98.9MB) | GPS=1000 (ALIVE) | Accel=150000 (NOT_STARTED) | Gyro=150000
[GPS_LOOP] get_data() returned None (check #5), queue_size=0, queue_id=506530544144
ERROR in EKF filter thread: The truth value of an array with more than one element is ambiguous. Use a.any() or a.all()
Traceback (most recent call last):
  File "/data/data/com.termux/files/home/gojo/motion_tracker_v2/test_ekf_vs_complementary.py", line 1115, in _ekf_filter_thread
    # Brief sleep to avoid CPU spinning
                       ^^^^^^^^^^^^^^^^^
ValueError: The truth value of an array with more than one element is ambiguous. Use a.any() or a.all()
[GPS_LOOP] get_data() returned None (check #5), queue_size=0, queue_id=506530544144
ERROR in EKF filter thread: The truth value of an array with more than one element is ambiguous. Use a.any() or a.all()
Traceback (most recent call last):
  File "/data/data/com.termux/files/home/gojo/motion_tracker_v2/test_ekf_vs_complementary.py", line 1115, in _ekf_filter_thread
    # Brief sleep to avoid CPU spinning
                       ^^^^^^^^^^^^^^^^^
ValueError: The truth value of an array with more than one element is ambiguous. Use a.any() or a.all()
[GPS_LOOP] get_data() returned None (check #5), queue_size=0, queue_id=506530544144
ERROR in EKF filter thread: The truth value of an array with more than one element is ambiguous. Use a.any() or a.all()
Traceback (most recent call last):
  File "/data/data/com.termux/files/home/gojo/motion_tracker_v2/test_ekf_vs_complementary.py", line 1115, in _ekf_filter_thread
    # Brief sleep to avoid CPU spinning
                       ^^^^^^^^^^^^^^^^^
ValueError: The truth value of an array with more than one element is ambiguous. Use a.any() or a.all()
[GPS_LOOP] get_data() returned None (check #5), queue_size=0, queue_id=506530544144
ERROR in EKF filter thread: The truth value of an array with more than one element is ambiguous. Use a.any() or a.all()
Traceback (most recent call last):
  File "/data/data/com.termux/files/home/gojo/motion_tracker_v2/test_ekf_vs_complementary.py", line 1115, in _ekf_filter_thread
    # Brief sleep to avoid CPU spinning
                       ^^^^^^^^^^^^^^^^^
ValueError: The truth value of an array with more than one element is ambiguous. Use a.any() or a.all()
[GPS_LOOP] get_data() returned None (check #5), queue_size=0, queue_id=506530544144
ERROR in EKF filter thread: The truth value of an array with more than one element is ambiguous. Use a.any() or a.all()
Traceback (most recent call last):
  File "/data/data/com.termux/files/home/gojo/motion_tracker_v2/test_ekf_vs_complementary.py", line 1115, in _ekf_filter_thread
    # Brief sleep to avoid CPU spinning
                       ^^^^^^^^^^^^^^^^^
ValueError: The truth value of an array with more than one element is ambiguous. Use a.any() or a.all()
[GPS_LOOP] get_data() returned None (check #5), queue_size=0, queue_id=506530544144
ERROR in EKF filter thread: The truth value of an array with more than one element is ambiguous. Use a.any() or a.all()
Traceback (most recent call last):
  File "/data/data/com.termux/files/home/gojo/motion_tracker_v2/test_ekf_vs_complementary.py", line 1115, in _ekf_filter_thread
    # Brief sleep to avoid CPU spinning
                       ^^^^^^^^^^^^^^^^^
ValueError: The truth value of an array with more than one element is ambiguous. Use a.any() or a.all()
[GPS_LOOP] get_data() returned None (check #5), queue_size=0, queue_id=506530544144
ERROR in EKF filter thread: The truth value of an array with more than one element is ambiguous. Use a.any() or a.all()
Traceback (most recent call last):
  File "/data/data/com.termux/files/home/gojo/motion_tracker_v2/test_ekf_vs_complementary.py", line 1115, in _ekf_filter_thread
    # Brief sleep to avoid CPU spinning
                       ^^^^^^^^^^^^^^^^^
ValueError: The truth value of an array with more than one element is ambiguous. Use a.any() or a.all()
[GPS_LOOP] get_data() returned None (check #5), queue_size=0, queue_id=506530544144
[GPS_LOOP] get_data() returned None (check #5), queue_size=0, queue_id=506530544144
ERROR in EKF filter thread: The truth value of an array with more than one element is ambiguous. Use a.any() or a.all()
Traceback (most recent call last):
  File "/data/data/com.termux/files/home/gojo/motion_tracker_v2/test_ekf_vs_complementary.py", line 1115, in _ekf_filter_thread
    # Brief sleep to avoid CPU spinning
                       ^^^^^^^^^^^^^^^^^
ValueError: The truth value of an array with more than one element is ambiguous. Use a.any() or a.all()
[GPS_LOOP] get_data() returned None (check #5), queue_size=0, queue_id=506530544144
ERROR in EKF filter thread: The truth value of an array with more than one element is ambiguous. Use a.any() or a.all()
Traceback (most recent call last):
  File "/data/data/com.termux/files/home/gojo/motion_tracker_v2/test_ekf_vs_complementary.py", line 1115, in _ekf_filter_thread
    # Brief sleep to avoid CPU spinning
                       ^^^^^^^^^^^^^^^^^
ValueError: The truth value of an array with more than one element is ambiguous. Use a.any() or a.all()
[GPS_LOOP] get_data() returned None (check #5), queue_size=0, queue_id=506530544144
ERROR in EKF filter thread: The truth value of an array with more than one element is ambiguous. Use a.any() or a.all()
Traceback (most recent call last):
  File "/data/data/com.termux/files/home/gojo/motion_tracker_v2/test_ekf_vs_complementary.py", line 1115, in _ekf_filter_thread
    # Brief sleep to avoid CPU spinning
                       ^^^^^^^^^^^^^^^^^
ValueError: The truth value of an array with more than one element is ambiguous. Use a.any() or a.all()
[GPS_LOOP] get_data() returned None (check #5), queue_size=0, queue_id=506530544144
ERROR in EKF filter thread: The truth value of an array with more than one element is ambiguous. Use a.any() or a.all()
Traceback (most recent call last):
  File "/data/data/com.termux/files/home/gojo/motion_tracker_v2/test_ekf_vs_complementary.py", line 1115, in _ekf_filter_thread
    # Brief sleep to avoid CPU spinning
                       ^^^^^^^^^^^^^^^^^
ValueError: The truth value of an array with more than one element is ambiguous. Use a.any() or a.all()

GPS: 5 fixes (ALIVE) | Accel: 150000 samples (ALIVE) | Gyro: 150000 samples
----------------------------------------------------------------------------------------------------------------------------------
GPS: 5 fixes (ALIVE) | Accel: 150000 samples (ALIVE) | Gyro: 150000 samples
----------------------------------------------------------------------------------------------------------------------------------
GPS: 5 fixes (ALIVE) | Accel: 150000 samples (ALIVE) | Gyro: 150000 samples
----------------------------------------------------------------------------------------------------------------------------------
GPS: 5 fixes (ALIVE) | Accel: 150000 samples (ALIVE) | Gyro: 150000 samples
----------------------------------------------------------------------------------------------------------------------------------
GPS: 5 fixes (ALIVE) | Accel: 150000 samples (ALIVE) | Gyro: 150000 samples

‚úì Auto-saving data (0 GPS, 755 accel samples)...
‚úì Auto-saved (autosave #5): /data/data/com.termux/files/home/gojo/motion_tracker_v2/../motion_tracker_sessions/comparison_20251113_131456.json.gz | Saved: 0 GPS + 756 accel | Memory cleared, indices reset
----------------------------------------------------------------------------------------------------------------------------------
GPS: 5 fixes (ALIVE) | Accel: 150000 samples (ALIVE) | Gyro: 150000 samples
----------------------------------------------------------------------------------------------------------------------------------
GPS: 5 fixes (ALIVE) | Accel: 150000 samples (ALIVE) | Gyro: 150000 samples
----------------------------------------------------------------------------------------------------------------------------------
GPS: 5 fixes (ALIVE) | Accel: 150000 samples (ALIVE) | Gyro: 150000 samples
----------------------------------------------------------------------------------------------------------------------------------
GPS: 5 fixes (ALIVE) | Accel: 150000 samples (ALIVE) | Gyro: 150000 samples
----------------------------------------------------------------------------------------------------------------------------------
GPS: 5 fixes (ALIVE) | Accel: 150000 samples (ALIVE) | Gyro: 150000 samples
----------------------------------------------------------------------------------------------------------------------------------
GPS: 5 fixes (ALIVE) | Accel: 150000 samples (ALIVE) | Gyro: 150000 samples
‚úì Incident logged: hard_braking (magnitude: 1.06) ‚Üí incident_1763064980_1175563_hard_braking.json
----------------------------------------------------------------------------------------------------------------------------------
GPS: 5 fixes (ALIVE) | Accel: 150000 samples (ALIVE) | Gyro: 150000 samples
----------------------------------------------------------------------------------------------------------------------------------
GPS: 5 fixes (ALIVE) | Accel: 150000 samples (ALIVE) | Gyro: 150000 samples
----------------------------------------------------------------------------------------------------------------------------------
GPS: 5 fixes (ALIVE) | Accel: 150000 samples (ALIVE) | Gyro: 150000 samples
----------------------------------------------------------------------------------------------------------------------------------
GPS: 5 fixes (ALIVE) | Accel: 150000 samples (ALIVE) | Gyro: 150000 samples
----------------------------------------------------------------------------------------------------------------------------------
GPS: 5 fixes (ALIVE) | Accel: 150000 samples (ALIVE) | Gyro: 150000 samples
----------------------------------------------------------------------------------------------------------------------------------
GPS: 5 fixes (ALIVE) | Accel: 150000 samples (ALIVE) | Gyro: 150000 samples
----------------------------------------------------------------------------------------------------------------------------------
GPS: 5 fixes (ALIVE) | Accel: 150000 samples (DEAD (exit_code=0)) | Gyro: 150000 samples
----------------------------------------------------------------------------------------------------------------------------------
GPS: 5 fixes (ALIVE) | Accel: 150000 samples (NOT_STARTED) | Gyro: 150000 samples
----------------------------------------------------------------------------------------------------------------------------------
GPS: 5 fixes (ALIVE) | Accel: 150000 samples (NOT_STARTED) | Gyro: 150000 samples

‚úì Auto-saving data (0 GPS, 626 accel samples)...
----------------------------------------------------------------------------------------------------------------------------------
GPS: 5 fixes (ALIVE) | Accel: 150000 samples (NOT_STARTED) | Gyro: 150000 samples
‚úì Auto-saved (autosave #6): /data/data/com.termux/files/home/gojo/motion_tracker_v2/../motion_tracker_sessions/comparison_20251113_131456.json.gz | Saved: 0 GPS + 626 accel | Memory cleared, indices reset
----------------------------------------------------------------------------------------------------------------------------------
GPS: 5 fixes (ALIVE) | Accel: 150000 samples (NOT_STARTED) | Gyro: 150000 samples
----------------------------------------------------------------------------------------------------------------------------------
GPS: 5 fixes (ALIVE) | Accel: 150000 samples (NOT_STARTED) | Gyro: 150000 samples
----------------------------------------------------------------------------------------------------------------------------------
GPS: 5 fixes (ALIVE) | Accel: 150000 samples (NOT_STARTED) | Gyro: 150000 samples
----------------------------------------------------------------------------------------------------------------------------------
GPS: 5 fixes (ALIVE) | Accel: 150000 samples (NOT_STARTED) | Gyro: 150000 samples
----------------------------------------------------------------------------------------------------------------------------------
GPS: 5 fixes (ALIVE) | Accel: 150000 samples (NOT_STARTED) | Gyro: 150000 samples
----------------------------------------------------------------------------------------------------------------------------------
GPS: 5 fixes (ALIVE) | Accel: 150000 samples (NOT_STARTED) | Gyro: 150000 samples
----------------------------------------------------------------------------------------------------------------------------------
GPS: 5 fixes (ALIVE) | Accel: 150000 samples (NOT_STARTED) | Gyro: 150000 samples
----------------------------------------------------------------------------------------------------------------------------------
GPS: 5 fixes (ALIVE) | Accel: 150000 samples (NOT_STARTED) | Gyro: 150000 samples
----------------------------------------------------------------------------------------------------------------------------------
GPS: 5 fixes (ALIVE) | Accel: 150000 samples (NOT_STARTED) | Gyro: 150000 samples
‚úì Accelerometer daemon started (50Hz, paired IMU stream)
   Sensors: Accel + Gyro (paired from LSM6DSO chip)
   Process: termux-sensor (PID 24940)
----------------------------------------------------------------------------------------------------------------------------------
GPS: 5 fixes (ALIVE) | Accel: 150000 samples (ALIVE) | Gyro: 150000 samples
----------------------------------------------------------------------------------------------------------------------------------
GPS: 5 fixes (ALIVE) | Accel: 150000 samples (ALIVE) | Gyro: 150000 samples
----------------------------------------------------------------------------------------------------------------------------------
GPS: 5 fixes (ALIVE) | Accel: 150000 samples (ALIVE) | Gyro: 150000 samples
----------------------------------------------------------------------------------------------------------------------------------
GPS: 5 fixes (ALIVE) | Accel: 150000 samples (ALIVE) | Gyro: 150000 samples
----------------------------------------------------------------------------------------------------------------------------------
GPS: 5 fixes (ALIVE) | Accel: 150000 samples (ALIVE) | Gyro: 150000 samples

‚úì Auto-saving data (0 GPS, 0 accel samples)...
‚úì Auto-saved (autosave #7): /data/data/com.termux/files/home/gojo/motion_tracker_v2/../motion_tracker_sessions/comparison_20251113_131456.json.gz | Saved: 0 GPS + 0 accel | Memory cleared, indices reset[GPS_LOOP] get_data() returned None (check #5), queue_size=0, queue_id=506530544144
ERROR in EKF filter thread: The truth value of an array with more than one element is ambiguous. Use a.any() or a.all()
Traceback (most recent call last):
  File "/data/data/com.termux/files/home/gojo/motion_tracker_v2/test_ekf_vs_complementary.py", line 1115, in _ekf_filter_thread
    # Brief sleep to avoid CPU spinning
                       ^^^^^^^^^^^^^^^^^
ValueError: The truth value of an array with more than one element is ambiguous. Use a.any() or a.all()
[GPS_LOOP] get_data() returned None (check #5), queue_size=0, queue_id=506530544144
ERROR in EKF filter thread: The truth value of an array with more than one element is ambiguous. Use a.any() or a.all()
Traceback (most recent call last):
  File "/data/data/com.termux/files/home/gojo/motion_tracker_v2/test_ekf_vs_complementary.py", line 1115, in _ekf_filter_thread
    # Brief sleep to avoid CPU spinning
                       ^^^^^^^^^^^^^^^^^
ValueError: The truth value of an array with more than one element is ambiguous. Use a.any() or a.all()
[GPS_LOOP] get_data() returned None (check #5), queue_size=0, queue_id=506530544144
ERROR in EKF filter thread: The truth value of an array with more than one element is ambiguous. Use a.any() or a.all()
Traceback (most recent call last):
  File "/data/data/com.termux/files/home/gojo/motion_tracker_v2/test_ekf_vs_complementary.py", line 1115, in _ekf_filter_thread
    # Brief sleep to avoid CPU spinning
                       ^^^^^^^^^^^^^^^^^
ValueError: The truth value of an array with more than one element is ambiguous. Use a.any() or a.all()
[GPS_LOOP] get_data() returned None (check #5), queue_size=0, queue_id=506530544144
ERROR in EKF filter thread: The truth value of an array with more than one element is ambiguous. Use a.any() or a.all()
Traceback (most recent call last):
  File "/data/data/com.termux/files/home/gojo/motion_tracker_v2/test_ekf_vs_complementary.py", line 1115, in _ekf_filter_thread
    # Brief sleep to avoid CPU spinning
                       ^^^^^^^^^^^^^^^^^
ValueError: The truth value of an array with more than one element is ambiguous. Use a.any() or a.all()
[GPS_LOOP] get_data() returned None (check #5), queue_size=0, queue_id=506530544144
[GPS_LOOP] get_data() returned None (check #5), queue_size=0, queue_id=506530544144
ERROR in EKF filter thread: The truth value of an array with more than one element is ambiguous. Use a.any() or a.all()
Traceback (most recent call last):
  File "/data/data/com.termux/files/home/gojo/motion_tracker_v2/test_ekf_vs_complementary.py", line 1115, in _ekf_filter_thread
    # Brief sleep to avoid CPU spinning
                       ^^^^^^^^^^^^^^^^^
ValueError: The truth value of an array with more than one element is ambiguous. Use a.any() or a.all()
[GPS_LOOP] get_data() returned None (check #5), queue_size=0, queue_id=506530544144
ERROR in EKF filter thread: The truth value of an array with more than one element is ambiguous. Use a.any() or a.all()
Traceback (most recent call last):
  File "/data/data/com.termux/files/home/gojo/motion_tracker_v2/test_ekf_vs_complementary.py", line 1115, in _ekf_filter_thread
    # Brief sleep to avoid CPU spinning
                       ^^^^^^^^^^^^^^^^^
ValueError: The truth value of an array with more than one element is ambiguous. Use a.any() or a.all()
[GPS_LOOP] get_data() returned None (check #5), queue_size=0, queue_id=506530544144
ERROR in EKF filter thread: The truth value of an array with more than one element is ambiguous. Use a.any() or a.all()
Traceback (most recent call last):
  File "/data/data/com.termux/files/home/gojo/motion_tracker_v2/test_ekf_vs_complementary.py", line 1115, in _ekf_filter_thread
    # Brief sleep to avoid CPU spinning
                       ^^^^^^^^^^^^^^^^^
ValueError: The truth value of an array with more than one element is ambiguous. Use a.any() or a.all()
[GPSDaemon] stderr: [GPS] ‚úó Request timeout (30s)
[GPS_LOOP] get_data() returned None (check #5), queue_size=0, queue_id=506530544144
ERROR in EKF filter thread: The truth value of an array with more than one element is ambiguous. Use a.any() or a.all()
Traceback (most recent call last):
  File "/data/data/com.termux/files/home/gojo/motion_tracker_v2/test_ekf_vs_complementary.py", line 1115, in _ekf_filter_thread
    # Brief sleep to avoid CPU spinning
                       ^^^^^^^^^^^^^^^^^
ValueError: The truth value of an array with more than one element is ambiguous. Use a.any() or a.all()
[GPS_LOOP] get_data() returned None (check #5), queue_size=0, queue_id=506530544144
ERROR in EKF filter thread: The truth value of an array with more than one element is ambiguous. Use a.any() or a.all()
Traceback (most recent call last):
  File "/data/data/com.termux/files/home/gojo/motion_tracker_v2/test_ekf_vs_complementary.py", line 1115, in _ekf_filter_thread
    # Brief sleep to avoid CPU spinning
                       ^^^^^^^^^^^^^^^^^
ValueError: The truth value of an array with more than one element is ambiguous. Use a.any() or a.all()
[GPS_LOOP] get_data() returned None (check #5), queue_size=0, queue_id=506530544144
ERROR in EKF filter thread: The truth value of an array with more than one element is ambiguous. Use a.any() or a.all()
Traceback (most recent call last):
  File "/data/data/com.termux/files/home/gojo/motion_tracker_v2/test_ekf_vs_complementary.py", line 1115, in _ekf_filter_thread
    # Brief sleep to avoid CPU spinning
                       ^^^^^^^^^^^^^^^^^
ValueError: The truth value of an array with more than one element is ambiguous. Use a.any() or a.all()
[GPS_LOOP] get_data() returned None (check #5), queue_size=0, queue_id=506530544144
ERROR in EKF filter thread: The truth value of an array with more than one element is ambiguous. Use a.any() or a.all()
Traceback (most recent call last):
  File "/data/data/com.termux/files/home/gojo/motion_tracker_v2/test_ekf_vs_complementary.py", line 1115, in _ekf_filter_thread
    # Brief sleep to avoid CPU spinning
                       ^^^^^^^^^^^^^^^^^
ValueError: The truth value of an array with more than one element is ambiguous. Use a.any() or a.all()
[GPS_LOOP] get_data() returned None (check #5), queue_size=0, queue_id=506530544144
[GPS_LOOP] get_data() returned None (check #5), queue_size=0, queue_id=506530544144
ERROR in EKF filter thread: The truth value of an array with more than one element is ambiguous. Use a.any() or a.all()
Traceback (most recent call last):
  File "/data/data/com.termux/files/home/gojo/motion_tracker_v2/test_ekf_vs_complementary.py", line 1115, in _ekf_filter_thread
    # Brief sleep to avoid CPU spinning
                       ^^^^^^^^^^^^^^^^^
ValueError: The truth value of an array with more than one element is ambiguous. Use a.any() or a.all()
[GPS_LOOP] get_data() returned None (check #5), queue_size=0, queue_id=506530544144
ERROR in EKF filter thread: The truth value of an array with more than one element is ambiguous. Use a.any() or a.all()
Traceback (most recent call last):
  File "/data/data/com.termux/files/home/gojo/motion_tracker_v2/test_ekf_vs_complementary.py", line 1115, in _ekf_filter_thread
    # Brief sleep to avoid CPU spinning
                       ^^^^^^^^^^^^^^^^^
ValueError: The truth value of an array with more than one element is ambiguous. Use a.any() or a.all()
[GPS_LOOP] get_data() returned None (check #5), queue_size=0, queue_id=506530544144
ERROR in EKF filter thread: The truth value of an array with more than one element is ambiguous. Use a.any() or a.all()
Traceback (most recent call last):
  File "/data/data/com.termux/files/home/gojo/motion_tracker_v2/test_ekf_vs_complementary.py", line 1115, in _ekf_filter_thread
    # Brief sleep to avoid CPU spinning
                       ^^^^^^^^^^^^^^^^^
ValueError: The truth value of an array with more than one element is ambiguous. Use a.any() or a.all()
[GPS_LOOP] get_data() returned None (check #5), queue_size=0, queue_id=506530544144
ERROR in EKF filter thread: The truth value of an array with more than one element is ambiguous. Use a.any() or a.all()
Traceback (most recent call last):
  File "/data/data/com.termux/files/home/gojo/motion_tracker_v2/test_ekf_vs_complementary.py", line 1115, in _ekf_filter_thread
    # Brief sleep to avoid CPU spinning
                       ^^^^^^^^^^^^^^^^^
ValueError: The truth value of an array with more than one element is ambiguous. Use a.any() or a.all()
[02:06] STATUS: Memory=99.0MB (peak=99.0MB) | GPS=1000 (ALIVE) | Accel=150000 (ALIVE) | Gyro=150000
[GPS_LOOP] get_data() returned None (check #5), queue_size=0, queue_id=506530544144

[DEBUG] Loop exited after 126.7s. Stop event: False, Time check: False
[ES_EKF_THREAD] Exited after processing {'accel': 70, 'gps': 4, 'gyro': 70}
[COMP_THREAD] Exited after processing {'accel': 3461, 'gps': 4}
[GYRO_LOOP] Exited after processing 4250 samples
ERROR in EKF filter thread: The truth value of an array with more than one element is ambiguous. Use a.any() or a.all()
Traceback (most recent call last):
  File "/data/data/com.termux/files/home/gojo/motion_tracker_v2/test_ekf_vs_complementary.py", line 1115, in _ekf_filter_thread
    # Brief sleep to avoid CPU spinning
                       ^^^^^^^^^^^^^^^^^
ValueError: The truth value of an array with more than one element is ambiguous. Use a.any() or a.all()
[EKF_THREAD] Exited after processing {'accel': 130, 'gps': 4, 'gyro': 127}
[GPS_LOOP] get_data() returned None (check #5), queue_size=0, queue_id=506530544144

[1;33mTest finished, performing final cleanup...[0m
[1;33mReleasing wakelock...[0m
[0;32m‚úì Wakelock released[0m
[1;33mCleaning up sensor processes...[0m
[0;32m‚úì Sensor cleanup complete[0m
===================================================================
CRASH/ERROR DETECTED
===================================================================
Exit code: 143
Signal: SIGTERM (15)
Test: test_ekf.sh 
Timestamp: Thu Nov 13 20:17:12 UTC 2025
Log file: crash_logs/test_ekf_2025-11-13_13-14-36.log

LAST 50 LINES OF OUTPUT:
Traceback (most recent call last):
  File "/data/data/com.termux/files/home/gojo/motion_tracker_v2/test_ekf_vs_complementary.py", line 1115, in _ekf_filter_thread
    # Brief sleep to avoid CPU spinning
                       ^^^^^^^^^^^^^^^^^
ValueError: The truth value of an array with more than one element is ambiguous. Use a.any() or a.all()
[GPS_LOOP] get_data() returned None (check #5), queue_size=0, queue_id=506530544144
ERROR in EKF filter thread: The truth value of an array with more than one element is ambiguous. Use a.any() or a.all()
Traceback (most recent call last):
  File "/data/data/com.termux/files/home/gojo/motion_tracker_v2/test_ekf_vs_complementary.py", line 1115, in _ekf_filter_thread
    # Brief sleep to avoid CPU spinning
                       ^^^^^^^^^^^^^^^^^
ValueError: The truth value of an array with more than one element is ambiguous. Use a.any() or a.all()
[GPS_LOOP] get_data() returned None (check #5), queue_size=0, queue_id=506530544144
ERROR in EKF filter thread: The truth value of an array with more than one element is ambiguous. Use a.any() or a.all()
Traceback (most recent call last):
  File "/data/data/com.termux/files/home/gojo/motion_tracker_v2/test_ekf_vs_complementary.py", line 1115, in _ekf_filter_thread
    # Brief sleep to avoid CPU spinning
                       ^^^^^^^^^^^^^^^^^
ValueError: The truth value of an array with more than one element is ambiguous. Use a.any() or a.all()
[02:06] STATUS: Memory=99.0MB (peak=99.0MB) | GPS=1000 (ALIVE) | Accel=150000 (ALIVE) | Gyro=150000
[GPS_LOOP] get_data() returned None (check #5), queue_size=0, queue_id=506530544144

[DEBUG] Loop exited after 126.7s. Stop event: False, Time check: False
[ES_EKF_THREAD] Exited after processing {'accel': 70, 'gps': 4, 'gyro': 70}
[COMP_THREAD] Exited after processing {'accel': 3461, 'gps': 4}
[GYRO_LOOP] Exited after processing 4250 samples
ERROR in EKF filter thread: The truth value of an array with more than one element is ambiguous. Use a.any() or a.all()
Traceback (most recent call last):
  File "/data/data/com.termux/files/home/gojo/motion_tracker_v2/test_ekf_vs_complementary.py", line 1115, in _ekf_filter_thread
    # Brief sleep to avoid CPU spinning
                       ^^^^^^^^^^^^^^^^^
ValueError: The truth value of an array with more than one element is ambiguous. Use a.any() or a.all()
[EKF_THREAD] Exited after processing {'accel': 130, 'gps': 4, 'gyro': 127}
[GPS_LOOP] get_data() returned None (check #5), queue_size=0, queue_id=506530544144

[1;33mTest finished, performing final cleanup...[0m
[1;33mReleasing wakelock...[0m
[0;32m‚úì Wakelock released[0m
[cleanup_sensors] Starting
[cleanup_sensors] Complete
===================================================================
CRASH/ERROR DETECTED
===================================================================
Exit code: 143
Signal: SIGTERM (15)
Test: test_ekf.sh 
Timestamp: Thu Nov 13 20:17:12 UTC 2025
Log file: crash_logs/test_ekf_2025-11-13_13-14-36.log

LAST 50 LINES OF OUTPUT:
===================================================================

[0;31m‚úó TEST CRASHED - Exit code 143[0m
[0;31m  Signal: SIGTERM (15)[0m
[0;31m  Log: crash_logs/test_ekf_2025-11-13_13-14-36.log[0m
[0;31m  View all crashes: python3 crash_logger.py show[0m

[1;33mTest finished, performing final cleanup...[0m
[1;33mReleasing wakelock...[0m
[0;32m‚úì Wakelock released[0m
[1;33mCleaning up sensor processes...[0m
[0;32m‚úì Sensor cleanup complete[0m
===================================================================
CRASH/ERROR DETECTED
===================================================================
Exit code: 143
Signal: SIGTERM (15)
Test: test_ekf.sh 
Timestamp: Thu Nov 13 20:17:17 UTC 2025
Log file: crash_logs/test_ekf_2025-11-13_13-14-36.log

LAST 50 LINES OF OUTPUT:
                       ^^^^^^^^^^^^^^^^^
ValueError: The truth value of an array with more than one element is ambiguous. Use a.any() or a.all()
[02:06] STATUS: Memory=99.0MB (peak=99.0MB) | GPS=1000 (ALIVE) | Accel=150000 (ALIVE) | Gyro=150000
[GPS_LOOP] get_data() returned None (check #5), queue_size=0, queue_id=506530544144

[DEBUG] Loop exited after 126.7s. Stop event: False, Time check: False
[ES_EKF_THREAD] Exited after processing {'accel': 70, 'gps': 4, 'gyro': 70}
[COMP_THREAD] Exited after processing {'accel': 3461, 'gps': 4}
[GYRO_LOOP] Exited after processing 4250 samples
ERROR in EKF filter thread: The truth value of an array with more than one element is ambiguous. Use a.any() or a.all()
Traceback (most recent call last):
  File "/data/data/com.termux/files/home/gojo/motion_tracker_v2/test_ekf_vs_complementary.py", line 1115, in _ekf_filter_thread
    # Brief sleep to avoid CPU spinning
                       ^^^^^^^^^^^^^^^^^
ValueError: The truth value of an array with more than one element is ambiguous. Use a.any() or a.all()
[EKF_THREAD] Exited after processing {'accel': 130, 'gps': 4, 'gyro': 127}
[GPS_LOOP] get_data() returned None (check #5), queue_size=0, queue_id=506530544144

[1;33mTest finished, performing final cleanup...[0m
[1;33mReleasing wakelock...[0m
[0;32m‚úì Wakelock released[0m
[cleanup_sensors] Starting
[cleanup_sensors] Complete
===================================================================
CRASH/ERROR DETECTED
===================================================================
Exit code: 143
Signal: SIGTERM (15)
Test: test_ekf.sh 
Timestamp: Thu Nov 13 20:17:12 UTC 2025
Log file: crash_logs/test_ekf_2025-11-13_13-14-36.log

LAST 50 LINES OF OUTPUT:
===================================================================

[1;33mTest finished, performing final cleanup...[0m
[1;33mReleasing wakelock...[0m
[0;32m‚úì Wakelock released[0m
[cleanup_sensors] Starting
[cleanup_sensors] Complete
===================================================================
CRASH/ERROR DETECTED
===================================================================
Exit code: 143
Signal: SIGTERM (15)
Test: test_ekf.sh 
Timestamp: Thu Nov 13 20:17:17 UTC 2025
Log file: crash_logs/test_ekf_2025-11-13_13-14-36.log

LAST 50 LINES OF OUTPUT:
===================================================================

[0;31m‚úó TEST CRASHED - Exit code 143[0m
[0;31m  Signal: SIGTERM (15)[0m
[0;31m  Log: crash_logs/test_ekf_2025-11-13_13-14-36.log[0m
[0;31m  View all crashes: python3 crash_logger.py show[0m
